2018-09-09 16:14:17,409 INFO [pool-10-thread-1] c.b.fbackup.common.util.LoggerUtils [LoggerUtils.java : 23] 传输开始: 客户端名称1(5199)的 1_1.txt 相对路径:(1/1_1.txt)
2018-09-09 16:14:17,426 INFO [pool-10-thread-1] c.b.fbackup.common.util.LoggerUtils [LoggerUtils.java : 23] 传输结束: 客户端名称1(5199)的 1_1.txt 相对路径:(1/1_1.txt)
2018-09-09 16:14:18,407 INFO [pool-10-thread-8] c.b.fbackup.common.util.LoggerUtils [LoggerUtils.java : 23] 传输开始: 客户端名称1(5199)的 1_1.txt 相对路径:(1/1_1.txt)
2018-09-09 16:14:18,416 INFO [pool-10-thread-8] c.b.fbackup.common.util.LoggerUtils [LoggerUtils.java : 23] 传输结束: 客户端名称1(5199)的 1_1.txt 相对路径:(1/1_1.txt)
2018-09-09 16:14:19,407 INFO [pool-10-thread-5] c.b.fbackup.common.util.LoggerUtils [LoggerUtils.java : 23] 传输开始: 客户端名称1(5199)的 1.2.txt 相对路径:(1/1.2.txt)
2018-09-09 16:14:19,415 INFO [pool-10-thread-5] c.b.fbackup.common.util.LoggerUtils [LoggerUtils.java : 23] 传输结束: 客户端名称1(5199)的 1.2.txt 相对路径:(1/1.2.txt)
2018-09-09 16:14:20,407 INFO [pool-10-thread-2] c.b.fbackup.common.util.LoggerUtils [LoggerUtils.java : 23] 传输开始: 客户端名称1(5199)的 brace-1.0.1-20180801.072217-1.pom 相对路径:(cn/wulin/brace/1.0.1-SNAPSHOT/brace-1.0.1-20180801.072217-1.pom)
2018-09-09 16:14:20,439 INFO [pool-10-thread-2] c.b.fbackup.common.util.LoggerUtils [LoggerUtils.java : 23] 传输结束: 客户端名称1(5199)的 brace-1.0.1-20180801.072217-1.pom 相对路径:(cn/wulin/brace/1.0.1-SNAPSHOT/brace-1.0.1-20180801.072217-1.pom)
2018-09-09 16:14:21,408 INFO [pool-10-thread-3] c.b.fbackup.common.util.LoggerUtils [LoggerUtils.java : 23] 传输开始: 客户端名称1(5199)的 brace-1.0.1-20180801.072217-1.pom.sha1 相对路径:(cn/wulin/brace/1.0.1-SNAPSHOT/brace-1.0.1-20180801.072217-1.pom.sha1)
2018-09-09 16:14:21,425 INFO [pool-10-thread-3] c.b.fbackup.common.util.LoggerUtils [LoggerUtils.java : 23] 传输结束: 客户端名称1(5199)的 brace-1.0.1-20180801.072217-1.pom.sha1 相对路径:(cn/wulin/brace/1.0.1-SNAPSHOT/brace-1.0.1-20180801.072217-1.pom.sha1)
2018-09-09 16:14:22,409 INFO [pool-10-thread-6] c.b.fbackup.common.util.LoggerUtils [LoggerUtils.java : 23] 传输开始: 客户端名称1(5199)的 brace-1.0.1-SNAPSHOT.pom 相对路径:(cn/wulin/brace/1.0.1-SNAPSHOT/brace-1.0.1-SNAPSHOT.pom)
2018-09-09 16:14:22,427 INFO [pool-10-thread-6] c.b.fbackup.common.util.LoggerUtils [LoggerUtils.java : 23] 传输结束: 客户端名称1(5199)的 brace-1.0.1-SNAPSHOT.pom 相对路径:(cn/wulin/brace/1.0.1-SNAPSHOT/brace-1.0.1-SNAPSHOT.pom)
2018-09-09 16:14:23,409 INFO [pool-10-thread-7] c.b.fbackup.common.util.LoggerUtils [LoggerUtils.java : 23] 传输开始: 客户端名称1(5199)的 maven-metadata-local.xml 相对路径:(cn/wulin/brace/1.0.1-SNAPSHOT/maven-metadata-local.xml)
2018-09-09 16:14:23,425 INFO [pool-10-thread-7] c.b.fbackup.common.util.LoggerUtils [LoggerUtils.java : 23] 传输结束: 客户端名称1(5199)的 maven-metadata-local.xml 相对路径:(cn/wulin/brace/1.0.1-SNAPSHOT/maven-metadata-local.xml)
2018-09-09 16:14:24,408 INFO [pool-10-thread-4] c.b.fbackup.common.util.LoggerUtils [LoggerUtils.java : 23] 传输开始: 客户端名称1(5199)的 maven-metadata-nexus-public-repository.xml 相对路径:(cn/wulin/brace/1.0.1-SNAPSHOT/maven-metadata-nexus-public-repository.xml)
2018-09-09 16:14:24,414 INFO [pool-10-thread-4] c.b.fbackup.common.util.LoggerUtils [LoggerUtils.java : 23] 传输结束: 客户端名称1(5199)的 maven-metadata-nexus-public-repository.xml 相对路径:(cn/wulin/brace/1.0.1-SNAPSHOT/maven-metadata-nexus-public-repository.xml)
2018-09-09 16:14:25,409 INFO [pool-10-thread-1] c.b.fbackup.common.util.LoggerUtils [LoggerUtils.java : 23] 传输开始: 客户端名称1(5199)的 maven-metadata-nexus-public-repository.xml.sha1 相对路径:(cn/wulin/brace/1.0.1-SNAPSHOT/maven-metadata-nexus-public-repository.xml.sha1)
2018-09-09 16:14:25,426 INFO [pool-10-thread-1] c.b.fbackup.common.util.LoggerUtils [LoggerUtils.java : 23] 传输结束: 客户端名称1(5199)的 maven-metadata-nexus-public-repository.xml.sha1 相对路径:(cn/wulin/brace/1.0.1-SNAPSHOT/maven-metadata-nexus-public-repository.xml.sha1)
2018-09-09 16:14:26,410 INFO [pool-10-thread-8] c.b.fbackup.common.util.LoggerUtils [LoggerUtils.java : 23] 传输开始: 客户端名称1(5199)的 _remote.repositories 相对路径:(cn/wulin/brace/1.0.1-SNAPSHOT/_remote.repositories)
2018-09-09 16:14:26,419 INFO [pool-10-thread-8] c.b.fbackup.common.util.LoggerUtils [LoggerUtils.java : 23] 传输结束: 客户端名称1(5199)的 _remote.repositories 相对路径:(cn/wulin/brace/1.0.1-SNAPSHOT/_remote.repositories)
2018-09-09 16:14:27,410 INFO [pool-10-thread-5] c.b.fbackup.common.util.LoggerUtils [LoggerUtils.java : 23] 传输开始: 客户端名称1(5199)的 maven-metadata-local.xml 相对路径:(cn/wulin/brace/maven-metadata-local.xml)
2018-09-09 16:14:27,419 INFO [pool-10-thread-5] c.b.fbackup.common.util.LoggerUtils [LoggerUtils.java : 23] 传输结束: 客户端名称1(5199)的 maven-metadata-local.xml 相对路径:(cn/wulin/brace/maven-metadata-local.xml)
2018-09-09 16:14:28,411 INFO [pool-10-thread-2] c.b.fbackup.common.util.LoggerUtils [LoggerUtils.java : 23] 传输开始: 客户端名称1(5199)的 maven-metadata-nexus-snapshots.xml 相对路径:(cn/wulin/brace/maven-metadata-nexus-snapshots.xml)
2018-09-09 16:14:28,420 INFO [pool-10-thread-2] c.b.fbackup.common.util.LoggerUtils [LoggerUtils.java : 23] 传输结束: 客户端名称1(5199)的 maven-metadata-nexus-snapshots.xml 相对路径:(cn/wulin/brace/maven-metadata-nexus-snapshots.xml)
2018-09-09 16:14:29,411 INFO [pool-10-thread-3] c.b.fbackup.common.util.LoggerUtils [LoggerUtils.java : 23] 传输开始: 客户端名称1(5199)的 maven-metadata-nexus-snapshots.xml.sha1 相对路径:(cn/wulin/brace/maven-metadata-nexus-snapshots.xml.sha1)
2018-09-09 16:14:29,417 INFO [pool-10-thread-3] c.b.fbackup.common.util.LoggerUtils [LoggerUtils.java : 23] 传输结束: 客户端名称1(5199)的 maven-metadata-nexus-snapshots.xml.sha1 相对路径:(cn/wulin/brace/maven-metadata-nexus-snapshots.xml.sha1)
2018-09-09 16:14:30,411 INFO [pool-10-thread-6] c.b.fbackup.common.util.LoggerUtils [LoggerUtils.java : 23] 传输开始: 客户端名称1(5199)的 resolver-status.properties 相对路径:(cn/wulin/brace/resolver-status.properties)
2018-09-09 16:14:30,418 INFO [pool-10-thread-6] c.b.fbackup.common.util.LoggerUtils [LoggerUtils.java : 23] 传输结束: 客户端名称1(5199)的 resolver-status.properties 相对路径:(cn/wulin/brace/resolver-status.properties)
2018-09-09 16:14:31,411 INFO [pool-10-thread-7] c.b.fbackup.common.util.LoggerUtils [LoggerUtils.java : 23] 传输开始: 客户端名称1(5199)的 brace-api-1.0.1-20180801.072219-1.jar 相对路径:(cn/wulin/brace-api/1.0.1-SNAPSHOT/brace-api-1.0.1-20180801.072219-1.jar)
2018-09-09 16:14:31,418 INFO [pool-10-thread-7] c.b.fbackup.common.util.LoggerUtils [LoggerUtils.java : 23] 传输结束: 客户端名称1(5199)的 brace-api-1.0.1-20180801.072219-1.jar 相对路径:(cn/wulin/brace-api/1.0.1-SNAPSHOT/brace-api-1.0.1-20180801.072219-1.jar)
2018-09-09 16:14:32,411 INFO [pool-10-thread-4] c.b.fbackup.common.util.LoggerUtils [LoggerUtils.java : 23] 传输开始: 客户端名称1(5199)的 brace-api-1.0.1-20180801.072219-1.jar.sha1 相对路径:(cn/wulin/brace-api/1.0.1-SNAPSHOT/brace-api-1.0.1-20180801.072219-1.jar.sha1)
2018-09-09 16:14:32,419 INFO [pool-10-thread-4] c.b.fbackup.common.util.LoggerUtils [LoggerUtils.java : 23] 传输结束: 客户端名称1(5199)的 brace-api-1.0.1-20180801.072219-1.jar.sha1 相对路径:(cn/wulin/brace-api/1.0.1-SNAPSHOT/brace-api-1.0.1-20180801.072219-1.jar.sha1)
2018-09-09 16:14:33,412 INFO [pool-10-thread-1] c.b.fbackup.common.util.LoggerUtils [LoggerUtils.java : 23] 传输开始: 客户端名称1(5199)的 brace-api-1.0.1-20180801.072219-1.pom 相对路径:(cn/wulin/brace-api/1.0.1-SNAPSHOT/brace-api-1.0.1-20180801.072219-1.pom)
2018-09-09 16:14:33,420 INFO [pool-10-thread-1] c.b.fbackup.common.util.LoggerUtils [LoggerUtils.java : 23] 传输结束: 客户端名称1(5199)的 brace-api-1.0.1-20180801.072219-1.pom 相对路径:(cn/wulin/brace-api/1.0.1-SNAPSHOT/brace-api-1.0.1-20180801.072219-1.pom)
2018-09-09 16:14:34,412 INFO [pool-10-thread-8] c.b.fbackup.common.util.LoggerUtils [LoggerUtils.java : 23] 传输开始: 客户端名称1(5199)的 brace-api-1.0.1-20180801.072219-1.pom.sha1 相对路径:(cn/wulin/brace-api/1.0.1-SNAPSHOT/brace-api-1.0.1-20180801.072219-1.pom.sha1)
2018-09-09 16:14:34,420 INFO [pool-10-thread-8] c.b.fbackup.common.util.LoggerUtils [LoggerUtils.java : 23] 传输结束: 客户端名称1(5199)的 brace-api-1.0.1-20180801.072219-1.pom.sha1 相对路径:(cn/wulin/brace-api/1.0.1-SNAPSHOT/brace-api-1.0.1-20180801.072219-1.pom.sha1)
2018-09-09 16:14:35,413 INFO [pool-10-thread-5] c.b.fbackup.common.util.LoggerUtils [LoggerUtils.java : 23] 传输开始: 客户端名称1(5199)的 brace-api-1.0.1-SNAPSHOT-sources.jar 相对路径:(cn/wulin/brace-api/1.0.1-SNAPSHOT/brace-api-1.0.1-SNAPSHOT-sources.jar)
2018-09-09 16:14:35,421 INFO [pool-10-thread-5] c.b.fbackup.common.util.LoggerUtils [LoggerUtils.java : 23] 传输结束: 客户端名称1(5199)的 brace-api-1.0.1-SNAPSHOT-sources.jar 相对路径:(cn/wulin/brace-api/1.0.1-SNAPSHOT/brace-api-1.0.1-SNAPSHOT-sources.jar)
2018-09-09 16:14:36,414 INFO [pool-10-thread-2] c.b.fbackup.common.util.LoggerUtils [LoggerUtils.java : 23] 传输开始: 客户端名称1(5199)的 maven-metadata-nexus-snapshots.xml 相对路径:(cn/wulin/brace-api/maven-metadata-nexus-snapshots.xml)
2018-09-09 16:14:36,421 INFO [pool-10-thread-2] c.b.fbackup.common.util.LoggerUtils [LoggerUtils.java : 23] 传输结束: 客户端名称1(5199)的 maven-metadata-nexus-snapshots.xml 相对路径:(cn/wulin/brace-api/maven-metadata-nexus-snapshots.xml)
2018-09-09 16:14:37,414 INFO [pool-10-thread-3] c.b.fbackup.common.util.LoggerUtils [LoggerUtils.java : 23] 传输开始: 客户端名称1(5199)的 maven-metadata-nexus-snapshots.xml.sha1 相对路径:(cn/wulin/brace-api/maven-metadata-nexus-snapshots.xml.sha1)
2018-09-09 16:14:37,422 INFO [pool-10-thread-3] c.b.fbackup.common.util.LoggerUtils [LoggerUtils.java : 23] 传输结束: 客户端名称1(5199)的 maven-metadata-nexus-snapshots.xml.sha1 相对路径:(cn/wulin/brace-api/maven-metadata-nexus-snapshots.xml.sha1)
2018-09-09 16:14:38,416 INFO [pool-10-thread-6] c.b.fbackup.common.util.LoggerUtils [LoggerUtils.java : 23] 传输开始: 客户端名称1(5199)的 resolver-status.properties 相对路径:(cn/wulin/brace-api/resolver-status.properties)
2018-09-09 16:14:38,424 INFO [pool-10-thread-6] c.b.fbackup.common.util.LoggerUtils [LoggerUtils.java : 23] 传输结束: 客户端名称1(5199)的 resolver-status.properties 相对路径:(cn/wulin/brace-api/resolver-status.properties)
2018-09-09 16:14:39,416 INFO [pool-10-thread-7] c.b.fbackup.common.util.LoggerUtils [LoggerUtils.java : 23] 传输开始: 客户端名称1(5199)的 brace-common-1.0.1-20180801.072218-1.jar 相对路径:(cn/wulin/brace-common/1.0.1-SNAPSHOT/brace-common-1.0.1-20180801.072218-1.jar)
2018-09-09 16:14:39,424 INFO [pool-10-thread-7] c.b.fbackup.common.util.LoggerUtils [LoggerUtils.java : 23] 传输结束: 客户端名称1(5199)的 brace-common-1.0.1-20180801.072218-1.jar 相对路径:(cn/wulin/brace-common/1.0.1-SNAPSHOT/brace-common-1.0.1-20180801.072218-1.jar)
2018-09-09 16:14:40,414 INFO [pool-10-thread-4] c.b.fbackup.common.util.LoggerUtils [LoggerUtils.java : 23] 传输开始: 客户端名称1(5199)的 brace-common-1.0.1-20180801.072218-1.jar.sha1 相对路径:(cn/wulin/brace-common/1.0.1-SNAPSHOT/brace-common-1.0.1-20180801.072218-1.jar.sha1)
2018-09-09 16:14:40,420 INFO [pool-10-thread-4] c.b.fbackup.common.util.LoggerUtils [LoggerUtils.java : 23] 传输结束: 客户端名称1(5199)的 brace-common-1.0.1-20180801.072218-1.jar.sha1 相对路径:(cn/wulin/brace-common/1.0.1-SNAPSHOT/brace-common-1.0.1-20180801.072218-1.jar.sha1)
2018-09-09 16:14:41,415 INFO [pool-10-thread-1] c.b.fbackup.common.util.LoggerUtils [LoggerUtils.java : 23] 传输开始: 客户端名称1(5199)的 brace-common-1.0.1-20180801.072218-1.pom 相对路径:(cn/wulin/brace-common/1.0.1-SNAPSHOT/brace-common-1.0.1-20180801.072218-1.pom)
2018-09-09 16:14:41,421 INFO [pool-10-thread-1] c.b.fbackup.common.util.LoggerUtils [LoggerUtils.java : 23] 传输结束: 客户端名称1(5199)的 brace-common-1.0.1-20180801.072218-1.pom 相对路径:(cn/wulin/brace-common/1.0.1-SNAPSHOT/brace-common-1.0.1-20180801.072218-1.pom)
2018-09-09 16:14:42,417 INFO [pool-10-thread-8] c.b.fbackup.common.util.LoggerUtils [LoggerUtils.java : 23] 传输开始: 客户端名称1(5199)的 brace-common-1.0.1-20180801.072218-1.pom.sha1 相对路径:(cn/wulin/brace-common/1.0.1-SNAPSHOT/brace-common-1.0.1-20180801.072218-1.pom.sha1)
2018-09-09 16:14:42,426 INFO [pool-10-thread-8] c.b.fbackup.common.util.LoggerUtils [LoggerUtils.java : 23] 传输结束: 客户端名称1(5199)的 brace-common-1.0.1-20180801.072218-1.pom.sha1 相对路径:(cn/wulin/brace-common/1.0.1-SNAPSHOT/brace-common-1.0.1-20180801.072218-1.pom.sha1)
2018-09-09 16:14:43,418 INFO [pool-10-thread-5] c.b.fbackup.common.util.LoggerUtils [LoggerUtils.java : 23] 传输开始: 客户端名称1(5199)的 brace-common-1.0.1-SNAPSHOT-sources.jar 相对路径:(cn/wulin/brace-common/1.0.1-SNAPSHOT/brace-common-1.0.1-SNAPSHOT-sources.jar)
2018-09-09 16:14:43,426 INFO [pool-10-thread-5] c.b.fbackup.common.util.LoggerUtils [LoggerUtils.java : 23] 传输结束: 客户端名称1(5199)的 brace-common-1.0.1-SNAPSHOT-sources.jar 相对路径:(cn/wulin/brace-common/1.0.1-SNAPSHOT/brace-common-1.0.1-SNAPSHOT-sources.jar)
2018-09-09 16:14:44,419 INFO [pool-10-thread-2] c.b.fbackup.common.util.LoggerUtils [LoggerUtils.java : 23] 传输开始: 客户端名称1(5199)的 brace-common-1.0.1-SNAPSHOT.jar 相对路径:(cn/wulin/brace-common/1.0.1-SNAPSHOT/brace-common-1.0.1-SNAPSHOT.jar)
2018-09-09 16:14:44,428 INFO [pool-10-thread-2] c.b.fbackup.common.util.LoggerUtils [LoggerUtils.java : 23] 传输结束: 客户端名称1(5199)的 brace-common-1.0.1-SNAPSHOT.jar 相对路径:(cn/wulin/brace-common/1.0.1-SNAPSHOT/brace-common-1.0.1-SNAPSHOT.jar)
2018-09-09 16:14:45,419 INFO [pool-10-thread-3] c.b.fbackup.common.util.LoggerUtils [LoggerUtils.java : 23] 传输开始: 客户端名称1(5199)的 brace-common-1.0.1-SNAPSHOT.pom 相对路径:(cn/wulin/brace-common/1.0.1-SNAPSHOT/brace-common-1.0.1-SNAPSHOT.pom)
2018-09-09 16:14:45,427 INFO [pool-10-thread-3] c.b.fbackup.common.util.LoggerUtils [LoggerUtils.java : 23] 传输结束: 客户端名称1(5199)的 brace-common-1.0.1-SNAPSHOT.pom 相对路径:(cn/wulin/brace-common/1.0.1-SNAPSHOT/brace-common-1.0.1-SNAPSHOT.pom)
2018-09-09 16:14:46,421 INFO [pool-10-thread-6] c.b.fbackup.common.util.LoggerUtils [LoggerUtils.java : 23] 传输开始: 客户端名称1(5199)的 maven-metadata-nexus-snapshots.xml.sha1 相对路径:(cn/wulin/brace-common/maven-metadata-nexus-snapshots.xml.sha1)
2018-09-09 16:14:46,428 INFO [pool-10-thread-6] c.b.fbackup.common.util.LoggerUtils [LoggerUtils.java : 23] 传输结束: 客户端名称1(5199)的 maven-metadata-nexus-snapshots.xml.sha1 相对路径:(cn/wulin/brace-common/maven-metadata-nexus-snapshots.xml.sha1)
2018-09-09 16:14:47,420 INFO [pool-10-thread-7] c.b.fbackup.common.util.LoggerUtils [LoggerUtils.java : 23] 传输开始: 客户端名称1(5199)的 resolver-status.properties 相对路径:(cn/wulin/brace-common/resolver-status.properties)
2018-09-09 16:14:47,427 INFO [pool-10-thread-7] c.b.fbackup.common.util.LoggerUtils [LoggerUtils.java : 23] 传输结束: 客户端名称1(5199)的 resolver-status.properties 相对路径:(cn/wulin/brace-common/resolver-status.properties)
2018-09-09 16:14:48,420 INFO [pool-10-thread-4] c.b.fbackup.common.util.LoggerUtils [LoggerUtils.java : 23] 传输开始: 客户端名称1(5199)的 brace-core-1.0.1-20180801.072220-1.jar 相对路径:(cn/wulin/brace-core/1.0.1-SNAPSHOT/brace-core-1.0.1-20180801.072220-1.jar)
2018-09-09 16:14:48,428 INFO [pool-10-thread-4] c.b.fbackup.common.util.LoggerUtils [LoggerUtils.java : 23] 传输结束: 客户端名称1(5199)的 brace-core-1.0.1-20180801.072220-1.jar 相对路径:(cn/wulin/brace-core/1.0.1-SNAPSHOT/brace-core-1.0.1-20180801.072220-1.jar)
2018-09-09 16:14:49,420 INFO [pool-10-thread-1] c.b.fbackup.common.util.LoggerUtils [LoggerUtils.java : 23] 传输开始: 客户端名称1(5199)的 brace-core-1.0.1-20180801.072220-1.jar.sha1 相对路径:(cn/wulin/brace-core/1.0.1-SNAPSHOT/brace-core-1.0.1-20180801.072220-1.jar.sha1)
2018-09-09 16:14:49,429 INFO [pool-10-thread-1] c.b.fbackup.common.util.LoggerUtils [LoggerUtils.java : 23] 传输结束: 客户端名称1(5199)的 brace-core-1.0.1-20180801.072220-1.jar.sha1 相对路径:(cn/wulin/brace-core/1.0.1-SNAPSHOT/brace-core-1.0.1-20180801.072220-1.jar.sha1)
2018-09-09 16:14:50,421 INFO [pool-10-thread-8] c.b.fbackup.common.util.LoggerUtils [LoggerUtils.java : 23] 传输开始: 客户端名称1(5199)的 brace-core-1.0.1-20180801.072220-1.pom 相对路径:(cn/wulin/brace-core/1.0.1-SNAPSHOT/brace-core-1.0.1-20180801.072220-1.pom)
2018-09-09 16:14:50,429 INFO [pool-10-thread-8] c.b.fbackup.common.util.LoggerUtils [LoggerUtils.java : 23] 传输结束: 客户端名称1(5199)的 brace-core-1.0.1-20180801.072220-1.pom 相对路径:(cn/wulin/brace-core/1.0.1-SNAPSHOT/brace-core-1.0.1-20180801.072220-1.pom)
2018-09-09 16:14:51,422 INFO [pool-10-thread-5] c.b.fbackup.common.util.LoggerUtils [LoggerUtils.java : 23] 传输开始: 客户端名称1(5199)的 brace-core-1.0.1-20180801.072220-1.pom.sha1 相对路径:(cn/wulin/brace-core/1.0.1-SNAPSHOT/brace-core-1.0.1-20180801.072220-1.pom.sha1)
2018-09-09 16:14:51,429 INFO [pool-10-thread-5] c.b.fbackup.common.util.LoggerUtils [LoggerUtils.java : 23] 传输结束: 客户端名称1(5199)的 brace-core-1.0.1-20180801.072220-1.pom.sha1 相对路径:(cn/wulin/brace-core/1.0.1-SNAPSHOT/brace-core-1.0.1-20180801.072220-1.pom.sha1)
2018-09-09 16:14:52,423 INFO [pool-10-thread-2] c.b.fbackup.common.util.LoggerUtils [LoggerUtils.java : 23] 传输开始: 客户端名称1(5199)的 brace-core-1.0.1-SNAPSHOT-sources.jar 相对路径:(cn/wulin/brace-core/1.0.1-SNAPSHOT/brace-core-1.0.1-SNAPSHOT-sources.jar)
2018-09-09 16:14:52,430 INFO [pool-10-thread-2] c.b.fbackup.common.util.LoggerUtils [LoggerUtils.java : 23] 传输结束: 客户端名称1(5199)的 brace-core-1.0.1-SNAPSHOT-sources.jar 相对路径:(cn/wulin/brace-core/1.0.1-SNAPSHOT/brace-core-1.0.1-SNAPSHOT-sources.jar)
2018-09-09 16:14:53,422 INFO [pool-10-thread-3] c.b.fbackup.common.util.LoggerUtils [LoggerUtils.java : 23] 传输开始: 客户端名称1(5199)的 brace-core-1.0.1-SNAPSHOT.jar 相对路径:(cn/wulin/brace-core/1.0.1-SNAPSHOT/brace-core-1.0.1-SNAPSHOT.jar)
2018-09-09 16:14:53,430 INFO [pool-10-thread-3] c.b.fbackup.common.util.LoggerUtils [LoggerUtils.java : 23] 传输结束: 客户端名称1(5199)的 brace-core-1.0.1-SNAPSHOT.jar 相对路径:(cn/wulin/brace-core/1.0.1-SNAPSHOT/brace-core-1.0.1-SNAPSHOT.jar)
2018-09-09 16:14:54,423 INFO [pool-10-thread-6] c.b.fbackup.common.util.LoggerUtils [LoggerUtils.java : 23] 传输开始: 客户端名称1(5199)的 brace-core-1.0.1-SNAPSHOT.pom 相对路径:(cn/wulin/brace-core/1.0.1-SNAPSHOT/brace-core-1.0.1-SNAPSHOT.pom)
2018-09-09 16:14:54,431 INFO [pool-10-thread-6] c.b.fbackup.common.util.LoggerUtils [LoggerUtils.java : 23] 传输结束: 客户端名称1(5199)的 brace-core-1.0.1-SNAPSHOT.pom 相对路径:(cn/wulin/brace-core/1.0.1-SNAPSHOT/brace-core-1.0.1-SNAPSHOT.pom)
2018-09-09 16:14:55,423 INFO [pool-10-thread-7] c.b.fbackup.common.util.LoggerUtils [LoggerUtils.java : 23] 传输开始: 客户端名称1(5199)的 m2e-lastUpdated.properties 相对路径:(cn/wulin/brace-core/1.0.1-SNAPSHOT/m2e-lastUpdated.properties)
2018-09-09 16:14:55,430 INFO [pool-10-thread-7] c.b.fbackup.common.util.LoggerUtils [LoggerUtils.java : 23] 传输结束: 客户端名称1(5199)的 m2e-lastUpdated.properties 相对路径:(cn/wulin/brace-core/1.0.1-SNAPSHOT/m2e-lastUpdated.properties)
2018-09-09 16:14:56,424 INFO [pool-10-thread-4] c.b.fbackup.common.util.LoggerUtils [LoggerUtils.java : 23] 传输开始: 客户端名称1(5199)的 resolver-status.properties 相对路径:(cn/wulin/brace-core/resolver-status.properties)
2018-09-09 16:14:56,432 INFO [pool-10-thread-4] c.b.fbackup.common.util.LoggerUtils [LoggerUtils.java : 23] 传输结束: 客户端名称1(5199)的 resolver-status.properties 相对路径:(cn/wulin/brace-core/resolver-status.properties)
2018-09-09 16:14:57,422 INFO [pool-10-thread-1] c.b.fbackup.common.util.LoggerUtils [LoggerUtils.java : 23] 传输开始: 客户端名称1(5199)的 brace-logging-1.0.1-SNAPSHOT.jar.lastUpdated 相对路径:(cn/wulin/brace-logging/1.0.1-SNAPSHOT/brace-logging-1.0.1-SNAPSHOT.jar.lastUpdated)
2018-09-09 16:14:57,428 INFO [pool-10-thread-1] c.b.fbackup.common.util.LoggerUtils [LoggerUtils.java : 23] 传输结束: 客户端名称1(5199)的 brace-logging-1.0.1-SNAPSHOT.jar.lastUpdated 相对路径:(cn/wulin/brace-logging/1.0.1-SNAPSHOT/brace-logging-1.0.1-SNAPSHOT.jar.lastUpdated)
2018-09-09 16:14:58,424 INFO [pool-10-thread-8] c.b.fbackup.common.util.LoggerUtils [LoggerUtils.java : 23] 传输开始: 客户端名称1(5199)的 brace-logging-1.0.1-SNAPSHOT.pom.lastUpdated 相对路径:(cn/wulin/brace-logging/1.0.1-SNAPSHOT/brace-logging-1.0.1-SNAPSHOT.pom.lastUpdated)
2018-09-09 16:14:58,432 INFO [pool-10-thread-8] c.b.fbackup.common.util.LoggerUtils [LoggerUtils.java : 23] 传输结束: 客户端名称1(5199)的 brace-logging-1.0.1-SNAPSHOT.pom.lastUpdated 相对路径:(cn/wulin/brace-logging/1.0.1-SNAPSHOT/brace-logging-1.0.1-SNAPSHOT.pom.lastUpdated)
2018-09-09 16:14:59,425 INFO [pool-10-thread-5] c.b.fbackup.common.util.LoggerUtils [LoggerUtils.java : 23] 传输开始: 客户端名称1(5199)的 resolver-status.properties 相对路径:(cn/wulin/brace-logging/1.0.1-SNAPSHOT/resolver-status.properties)
2018-09-09 16:14:59,433 INFO [pool-10-thread-5] c.b.fbackup.common.util.LoggerUtils [LoggerUtils.java : 23] 传输结束: 客户端名称1(5199)的 resolver-status.properties 相对路径:(cn/wulin/brace-logging/1.0.1-SNAPSHOT/resolver-status.properties)
2018-09-09 16:15:00,426 INFO [pool-10-thread-2] c.b.fbackup.common.util.LoggerUtils [LoggerUtils.java : 23] 传输开始: 客户端名称1(5199)的 brace-remoting-1.0.1-SNAPSHOT.pom 相对路径:(cn/wulin/brace-remoting/1.0.1-SNAPSHOT/brace-remoting-1.0.1-SNAPSHOT.pom)
2018-09-09 16:15:00,434 INFO [pool-10-thread-2] c.b.fbackup.common.util.LoggerUtils [LoggerUtils.java : 23] 传输结束: 客户端名称1(5199)的 brace-remoting-1.0.1-SNAPSHOT.pom 相对路径:(cn/wulin/brace-remoting/1.0.1-SNAPSHOT/brace-remoting-1.0.1-SNAPSHOT.pom)
2018-09-09 16:15:01,426 INFO [pool-10-thread-3] c.b.fbackup.common.util.LoggerUtils [LoggerUtils.java : 23] 传输开始: 客户端名称1(5199)的 maven-metadata-local.xml 相对路径:(cn/wulin/brace-remoting/1.0.1-SNAPSHOT/maven-metadata-local.xml)
2018-09-09 16:15:01,434 INFO [pool-10-thread-3] c.b.fbackup.common.util.LoggerUtils [LoggerUtils.java : 23] 传输结束: 客户端名称1(5199)的 maven-metadata-local.xml 相对路径:(cn/wulin/brace-remoting/1.0.1-SNAPSHOT/maven-metadata-local.xml)
2018-09-09 16:15:02,427 INFO [pool-10-thread-6] c.b.fbackup.common.util.LoggerUtils [LoggerUtils.java : 23] 传输开始: 客户端名称1(5199)的 _remote.repositories 相对路径:(cn/wulin/brace-remoting/1.0.1-SNAPSHOT/_remote.repositories)
2018-09-09 16:15:02,435 INFO [pool-10-thread-6] c.b.fbackup.common.util.LoggerUtils [LoggerUtils.java : 23] 传输结束: 客户端名称1(5199)的 _remote.repositories 相对路径:(cn/wulin/brace-remoting/1.0.1-SNAPSHOT/_remote.repositories)
2018-09-09 16:15:03,427 INFO [pool-10-thread-7] c.b.fbackup.common.util.LoggerUtils [LoggerUtils.java : 23] 传输开始: 客户端名称1(5199)的 maven-metadata-local.xml 相对路径:(cn/wulin/brace-remoting/maven-metadata-local.xml)
2018-09-09 16:15:03,434 INFO [pool-10-thread-7] c.b.fbackup.common.util.LoggerUtils [LoggerUtils.java : 23] 传输结束: 客户端名称1(5199)的 maven-metadata-local.xml 相对路径:(cn/wulin/brace-remoting/maven-metadata-local.xml)
2018-09-09 16:15:04,429 INFO [pool-10-thread-4] c.b.fbackup.common.util.LoggerUtils [LoggerUtils.java : 23] 传输开始: 客户端名称1(5199)的 brace-remoting-api-1.0.1-SNAPSHOT-sources.jar 相对路径:(cn/wulin/brace-remoting-api/1.0.1-SNAPSHOT/brace-remoting-api-1.0.1-SNAPSHOT-sources.jar)
2018-09-09 16:15:04,437 INFO [pool-10-thread-4] c.b.fbackup.common.util.LoggerUtils [LoggerUtils.java : 23] 传输结束: 客户端名称1(5199)的 brace-remoting-api-1.0.1-SNAPSHOT-sources.jar 相对路径:(cn/wulin/brace-remoting-api/1.0.1-SNAPSHOT/brace-remoting-api-1.0.1-SNAPSHOT-sources.jar)
2018-09-09 16:15:05,428 INFO [pool-10-thread-1] c.b.fbackup.common.util.LoggerUtils [LoggerUtils.java : 23] 传输开始: 客户端名称1(5199)的 brace-remoting-api-1.0.1-SNAPSHOT.jar 相对路径:(cn/wulin/brace-remoting-api/1.0.1-SNAPSHOT/brace-remoting-api-1.0.1-SNAPSHOT.jar)
2018-09-09 16:15:05,437 INFO [pool-10-thread-1] c.b.fbackup.common.util.LoggerUtils [LoggerUtils.java : 23] 传输结束: 客户端名称1(5199)的 brace-remoting-api-1.0.1-SNAPSHOT.jar 相对路径:(cn/wulin/brace-remoting-api/1.0.1-SNAPSHOT/brace-remoting-api-1.0.1-SNAPSHOT.jar)
2018-09-09 16:15:06,428 INFO [pool-10-thread-8] c.b.fbackup.common.util.LoggerUtils [LoggerUtils.java : 23] 传输开始: 客户端名称1(5199)的 brace-remoting-netty4-1.0.1-SNAPSHOT-sources.jar 相对路径:(cn/wulin/brace-remoting-netty4/1.0.1-SNAPSHOT/brace-remoting-netty4-1.0.1-SNAPSHOT-sources.jar)
2018-09-09 16:15:06,436 INFO [pool-10-thread-8] c.b.fbackup.common.util.LoggerUtils [LoggerUtils.java : 23] 传输结束: 客户端名称1(5199)的 brace-remoting-netty4-1.0.1-SNAPSHOT-sources.jar 相对路径:(cn/wulin/brace-remoting-netty4/1.0.1-SNAPSHOT/brace-remoting-netty4-1.0.1-SNAPSHOT-sources.jar)
2018-09-09 16:15:07,429 INFO [pool-10-thread-5] c.b.fbackup.common.util.LoggerUtils [LoggerUtils.java : 23] 传输开始: 客户端名称1(5199)的 brace-remoting-netty4-1.0.1-SNAPSHOT.jar 相对路径:(cn/wulin/brace-remoting-netty4/1.0.1-SNAPSHOT/brace-remoting-netty4-1.0.1-SNAPSHOT.jar)
2018-09-09 16:15:07,437 INFO [pool-10-thread-5] c.b.fbackup.common.util.LoggerUtils [LoggerUtils.java : 23] 传输结束: 客户端名称1(5199)的 brace-remoting-netty4-1.0.1-SNAPSHOT.jar 相对路径:(cn/wulin/brace-remoting-netty4/1.0.1-SNAPSHOT/brace-remoting-netty4-1.0.1-SNAPSHOT.jar)
2018-09-09 16:15:08,429 INFO [pool-10-thread-2] c.b.fbackup.common.util.LoggerUtils [LoggerUtils.java : 23] 传输开始: 客户端名称1(5199)的 brace-remoting-netty4-1.0.1-SNAPSHOT.pom 相对路径:(cn/wulin/brace-remoting-netty4/1.0.1-SNAPSHOT/brace-remoting-netty4-1.0.1-SNAPSHOT.pom)
2018-09-09 16:15:08,435 INFO [pool-10-thread-2] c.b.fbackup.common.util.LoggerUtils [LoggerUtils.java : 23] 传输结束: 客户端名称1(5199)的 brace-remoting-netty4-1.0.1-SNAPSHOT.pom 相对路径:(cn/wulin/brace-remoting-netty4/1.0.1-SNAPSHOT/brace-remoting-netty4-1.0.1-SNAPSHOT.pom)
2018-09-09 16:15:09,431 INFO [pool-10-thread-3] c.b.fbackup.common.util.LoggerUtils [LoggerUtils.java : 23] 传输开始: 客户端名称1(5199)的 maven-metadata-local.xml 相对路径:(cn/wulin/brace-remoting-netty4/1.0.1-SNAPSHOT/maven-metadata-local.xml)
2018-09-09 16:15:09,439 INFO [pool-10-thread-3] c.b.fbackup.common.util.LoggerUtils [LoggerUtils.java : 23] 传输结束: 客户端名称1(5199)的 maven-metadata-local.xml 相对路径:(cn/wulin/brace-remoting-netty4/1.0.1-SNAPSHOT/maven-metadata-local.xml)
2018-09-09 16:15:10,430 INFO [pool-10-thread-6] c.b.fbackup.common.util.LoggerUtils [LoggerUtils.java : 23] 传输开始: 客户端名称1(5199)的 _remote.repositories 相对路径:(cn/wulin/brace-remoting-netty4/1.0.1-SNAPSHOT/_remote.repositories)
2018-09-09 16:15:10,439 INFO [pool-10-thread-6] c.b.fbackup.common.util.LoggerUtils [LoggerUtils.java : 23] 传输结束: 客户端名称1(5199)的 _remote.repositories 相对路径:(cn/wulin/brace-remoting-netty4/1.0.1-SNAPSHOT/_remote.repositories)
2018-09-09 16:15:11,431 INFO [pool-10-thread-7] c.b.fbackup.common.util.LoggerUtils [LoggerUtils.java : 23] 传输开始: 客户端名称1(5199)的 maven-metadata-local.xml 相对路径:(cn/wulin/brace-remoting-netty4/maven-metadata-local.xml)
2018-09-09 16:15:11,440 INFO [pool-10-thread-7] c.b.fbackup.common.util.LoggerUtils [LoggerUtils.java : 23] 传输结束: 客户端名称1(5199)的 maven-metadata-local.xml 相对路径:(cn/wulin/brace-remoting-netty4/maven-metadata-local.xml)
2018-09-09 16:15:12,431 INFO [pool-10-thread-4] c.b.fbackup.common.util.LoggerUtils [LoggerUtils.java : 23] 传输开始: 客户端名称1(5199)的 brace-telnet-1.0.1-SNAPSHOT-sources.jar 相对路径:(cn/wulin/brace-telnet/1.0.1-SNAPSHOT/brace-telnet-1.0.1-SNAPSHOT-sources.jar)
2018-09-09 16:15:12,439 INFO [pool-10-thread-4] c.b.fbackup.common.util.LoggerUtils [LoggerUtils.java : 23] 传输结束: 客户端名称1(5199)的 brace-telnet-1.0.1-SNAPSHOT-sources.jar 相对路径:(cn/wulin/brace-telnet/1.0.1-SNAPSHOT/brace-telnet-1.0.1-SNAPSHOT-sources.jar)
2018-09-09 16:15:13,430 INFO [pool-10-thread-1] c.b.fbackup.common.util.LoggerUtils [LoggerUtils.java : 23] 传输开始: 客户端名称1(5199)的 brace-telnet-1.0.1-SNAPSHOT.jar 相对路径:(cn/wulin/brace-telnet/1.0.1-SNAPSHOT/brace-telnet-1.0.1-SNAPSHOT.jar)
2018-09-09 16:15:13,436 INFO [pool-10-thread-1] c.b.fbackup.common.util.LoggerUtils [LoggerUtils.java : 23] 传输结束: 客户端名称1(5199)的 brace-telnet-1.0.1-SNAPSHOT.jar 相对路径:(cn/wulin/brace-telnet/1.0.1-SNAPSHOT/brace-telnet-1.0.1-SNAPSHOT.jar)
2018-09-09 16:15:14,431 INFO [pool-10-thread-8] c.b.fbackup.common.util.LoggerUtils [LoggerUtils.java : 23] 传输开始: 客户端名称1(5199)的 brace-telnet-1.0.1-SNAPSHOT.pom 相对路径:(cn/wulin/brace-telnet/1.0.1-SNAPSHOT/brace-telnet-1.0.1-SNAPSHOT.pom)
2018-09-09 16:15:14,452 INFO [pool-10-thread-8] c.b.fbackup.common.util.LoggerUtils [LoggerUtils.java : 23] 传输结束: 客户端名称1(5199)的 brace-telnet-1.0.1-SNAPSHOT.pom 相对路径:(cn/wulin/brace-telnet/1.0.1-SNAPSHOT/brace-telnet-1.0.1-SNAPSHOT.pom)
2018-09-09 16:15:15,433 INFO [pool-10-thread-5] c.b.fbackup.common.util.LoggerUtils [LoggerUtils.java : 23] 传输开始: 客户端名称1(5199)的 maven-metadata-local.xml 相对路径:(cn/wulin/brace-telnet/1.0.1-SNAPSHOT/maven-metadata-local.xml)
2018-09-09 16:15:15,450 INFO [pool-10-thread-5] c.b.fbackup.common.util.LoggerUtils [LoggerUtils.java : 23] 传输结束: 客户端名称1(5199)的 maven-metadata-local.xml 相对路径:(cn/wulin/brace-telnet/1.0.1-SNAPSHOT/maven-metadata-local.xml)
2018-09-09 16:15:16,434 INFO [pool-10-thread-2] c.b.fbackup.common.util.LoggerUtils [LoggerUtils.java : 23] 传输开始: 客户端名称1(5199)的 maven-metadata-nexus-public-repository.xml 相对路径:(cn/wulin/brace-utils/1.0.1-SNAPSHOT/maven-metadata-nexus-public-repository.xml)
2018-09-09 16:15:16,442 INFO [pool-10-thread-2] c.b.fbackup.common.util.LoggerUtils [LoggerUtils.java : 23] 传输结束: 客户端名称1(5199)的 maven-metadata-nexus-public-repository.xml 相对路径:(cn/wulin/brace-utils/1.0.1-SNAPSHOT/maven-metadata-nexus-public-repository.xml)
2018-09-09 16:15:17,435 INFO [pool-10-thread-3] c.b.fbackup.common.util.LoggerUtils [LoggerUtils.java : 23] 传输开始: 客户端名称1(5199)的 maven-metadata-nexus-public-repository.xml.sha1 相对路径:(cn/wulin/brace-utils/1.0.1-SNAPSHOT/maven-metadata-nexus-public-repository.xml.sha1)
2018-09-09 16:15:17,443 INFO [pool-10-thread-3] c.b.fbackup.common.util.LoggerUtils [LoggerUtils.java : 23] 传输结束: 客户端名称1(5199)的 maven-metadata-nexus-public-repository.xml.sha1 相对路径:(cn/wulin/brace-utils/1.0.1-SNAPSHOT/maven-metadata-nexus-public-repository.xml.sha1)
2018-09-09 16:15:18,435 INFO [pool-10-thread-6] c.b.fbackup.common.util.LoggerUtils [LoggerUtils.java : 23] 传输开始: 客户端名称1(5199)的 maven-metadata-nexus-snapshots.xml 相对路径:(cn/wulin/brace-utils/1.0.1-SNAPSHOT/maven-metadata-nexus-snapshots.xml)
2018-09-09 16:15:18,443 INFO [pool-10-thread-6] c.b.fbackup.common.util.LoggerUtils [LoggerUtils.java : 23] 传输结束: 客户端名称1(5199)的 maven-metadata-nexus-snapshots.xml 相对路径:(cn/wulin/brace-utils/1.0.1-SNAPSHOT/maven-metadata-nexus-snapshots.xml)
2018-09-09 16:15:19,436 INFO [pool-10-thread-7] c.b.fbackup.common.util.LoggerUtils [LoggerUtils.java : 23] 传输开始: 客户端名称1(5199)的 maven-metadata-nexus-snapshots.xml.sha1 相对路径:(cn/wulin/brace-utils/1.0.1-SNAPSHOT/maven-metadata-nexus-snapshots.xml.sha1)
2018-09-09 16:15:19,444 INFO [pool-10-thread-7] c.b.fbackup.common.util.LoggerUtils [LoggerUtils.java : 23] 传输结束: 客户端名称1(5199)的 maven-metadata-nexus-snapshots.xml.sha1 相对路径:(cn/wulin/brace-utils/1.0.1-SNAPSHOT/maven-metadata-nexus-snapshots.xml.sha1)
2018-09-09 16:15:20,436 INFO [pool-10-thread-4] c.b.fbackup.common.util.LoggerUtils [LoggerUtils.java : 23] 传输开始: 客户端名称1(5199)的 resolver-status.properties 相对路径:(cn/wulin/brace-utils/1.0.1-SNAPSHOT/resolver-status.properties)
2018-09-09 16:15:20,451 INFO [pool-10-thread-4] c.b.fbackup.common.util.LoggerUtils [LoggerUtils.java : 23] 传输结束: 客户端名称1(5199)的 resolver-status.properties 相对路径:(cn/wulin/brace-utils/1.0.1-SNAPSHOT/resolver-status.properties)
2018-09-09 16:15:21,436 INFO [pool-10-thread-1] c.b.fbackup.common.util.LoggerUtils [LoggerUtils.java : 23] 传输开始: 客户端名称1(5199)的 _remote.repositories 相对路径:(cn/wulin/brace-utils/1.0.1-SNAPSHOT/_remote.repositories)
2018-09-09 16:15:21,444 INFO [pool-10-thread-1] c.b.fbackup.common.util.LoggerUtils [LoggerUtils.java : 23] 传输结束: 客户端名称1(5199)的 _remote.repositories 相对路径:(cn/wulin/brace-utils/1.0.1-SNAPSHOT/_remote.repositories)
2018-09-09 16:15:22,436 INFO [pool-10-thread-8] c.b.fbackup.common.util.LoggerUtils [LoggerUtils.java : 23] 传输开始: 客户端名称1(5199)的 maven-metadata-local.xml 相对路径:(cn/wulin/brace-utils/maven-metadata-local.xml)
2018-09-09 16:15:22,444 INFO [pool-10-thread-8] c.b.fbackup.common.util.LoggerUtils [LoggerUtils.java : 23] 传输结束: 客户端名称1(5199)的 maven-metadata-local.xml 相对路径:(cn/wulin/brace-utils/maven-metadata-local.xml)
2018-09-09 16:15:23,437 INFO [pool-10-thread-5] c.b.fbackup.common.util.LoggerUtils [LoggerUtils.java : 23] 传输开始: 客户端名称1(5199)的 maven-metadata-nexus-snapshots.xml 相对路径:(cn/wulin/brace-utils/maven-metadata-nexus-snapshots.xml)
2018-09-09 16:15:23,444 INFO [pool-10-thread-5] c.b.fbackup.common.util.LoggerUtils [LoggerUtils.java : 23] 传输结束: 客户端名称1(5199)的 maven-metadata-nexus-snapshots.xml 相对路径:(cn/wulin/brace-utils/maven-metadata-nexus-snapshots.xml)
2018-09-09 16:15:24,437 INFO [pool-10-thread-2] c.b.fbackup.common.util.LoggerUtils [LoggerUtils.java : 23] 传输开始: 客户端名称1(5199)的 maven-metadata-nexus-snapshots.xml.sha1 相对路径:(cn/wulin/brace-utils/maven-metadata-nexus-snapshots.xml.sha1)
2018-09-09 16:15:24,444 INFO [pool-10-thread-2] c.b.fbackup.common.util.LoggerUtils [LoggerUtils.java : 23] 传输结束: 客户端名称1(5199)的 maven-metadata-nexus-snapshots.xml.sha1 相对路径:(cn/wulin/brace-utils/maven-metadata-nexus-snapshots.xml.sha1)
2018-09-09 16:15:25,437 INFO [pool-10-thread-3] c.b.fbackup.common.util.LoggerUtils [LoggerUtils.java : 23] 传输开始: 客户端名称1(5199)的 resolver-status.properties 相对路径:(cn/wulin/brace-utils/resolver-status.properties)
2018-09-09 16:15:25,445 INFO [pool-10-thread-3] c.b.fbackup.common.util.LoggerUtils [LoggerUtils.java : 23] 传输结束: 客户端名称1(5199)的 resolver-status.properties 相对路径:(cn/wulin/brace-utils/resolver-status.properties)
2018-09-09 16:15:26,438 INFO [pool-10-thread-6] c.b.fbackup.common.util.LoggerUtils [LoggerUtils.java : 23] 传输开始: 客户端名称1(5199)的 maven-metadata-local.xml 相对路径:(cn/wulin/ioc/1.0.1-SNAPSHOT/maven-metadata-local.xml)
2018-09-09 16:15:26,446 INFO [pool-10-thread-6] c.b.fbackup.common.util.LoggerUtils [LoggerUtils.java : 23] 传输结束: 客户端名称1(5199)的 maven-metadata-local.xml 相对路径:(cn/wulin/ioc/1.0.1-SNAPSHOT/maven-metadata-local.xml)
2018-09-09 16:15:27,439 INFO [pool-10-thread-7] c.b.fbackup.common.util.LoggerUtils [LoggerUtils.java : 23] 传输开始: 客户端名称1(5199)的 maven-metadata-nexus-public-repository.xml 相对路径:(cn/wulin/ioc/1.0.1-SNAPSHOT/maven-metadata-nexus-public-repository.xml)
2018-09-09 16:15:27,447 INFO [pool-10-thread-7] c.b.fbackup.common.util.LoggerUtils [LoggerUtils.java : 23] 传输结束: 客户端名称1(5199)的 maven-metadata-nexus-public-repository.xml 相对路径:(cn/wulin/ioc/1.0.1-SNAPSHOT/maven-metadata-nexus-public-repository.xml)
2018-09-09 16:15:28,438 INFO [pool-10-thread-4] c.b.fbackup.common.util.LoggerUtils [LoggerUtils.java : 23] 传输开始: 客户端名称1(5199)的 maven-metadata-nexus-public-repository.xml.sha1 相对路径:(cn/wulin/ioc/1.0.1-SNAPSHOT/maven-metadata-nexus-public-repository.xml.sha1)
2018-09-09 16:15:28,446 INFO [pool-10-thread-4] c.b.fbackup.common.util.LoggerUtils [LoggerUtils.java : 23] 传输结束: 客户端名称1(5199)的 maven-metadata-nexus-public-repository.xml.sha1 相对路径:(cn/wulin/ioc/1.0.1-SNAPSHOT/maven-metadata-nexus-public-repository.xml.sha1)
2018-09-09 16:15:29,438 INFO [pool-10-thread-1] c.b.fbackup.common.util.LoggerUtils [LoggerUtils.java : 23] 传输开始: 客户端名称1(5199)的 maven-metadata-nexus-snapshots.xml 相对路径:(cn/wulin/ioc/1.0.1-SNAPSHOT/maven-metadata-nexus-snapshots.xml)
2018-09-09 16:15:29,445 INFO [pool-10-thread-1] c.b.fbackup.common.util.LoggerUtils [LoggerUtils.java : 23] 传输结束: 客户端名称1(5199)的 maven-metadata-nexus-snapshots.xml 相对路径:(cn/wulin/ioc/1.0.1-SNAPSHOT/maven-metadata-nexus-snapshots.xml)
2018-09-09 16:15:30,437 INFO [pool-10-thread-8] c.b.fbackup.common.util.LoggerUtils [LoggerUtils.java : 23] 传输开始: 客户端名称1(5199)的 maven-metadata-nexus-snapshots.xml.sha1 相对路径:(cn/wulin/ioc/1.0.1-SNAPSHOT/maven-metadata-nexus-snapshots.xml.sha1)
2018-09-09 16:15:30,443 INFO [pool-10-thread-8] c.b.fbackup.common.util.LoggerUtils [LoggerUtils.java : 23] 传输结束: 客户端名称1(5199)的 maven-metadata-nexus-snapshots.xml.sha1 相对路径:(cn/wulin/ioc/1.0.1-SNAPSHOT/maven-metadata-nexus-snapshots.xml.sha1)
2018-09-09 16:15:31,440 INFO [pool-10-thread-5] c.b.fbackup.common.util.LoggerUtils [LoggerUtils.java : 23] 传输开始: 客户端名称1(5199)的 resolver-status.properties 相对路径:(cn/wulin/ioc/1.0.1-SNAPSHOT/resolver-status.properties)
2018-09-09 16:15:31,449 INFO [pool-10-thread-5] c.b.fbackup.common.util.LoggerUtils [LoggerUtils.java : 23] 传输结束: 客户端名称1(5199)的 resolver-status.properties 相对路径:(cn/wulin/ioc/1.0.1-SNAPSHOT/resolver-status.properties)
2018-09-09 16:15:32,442 INFO [pool-10-thread-2] c.b.fbackup.common.util.LoggerUtils [LoggerUtils.java : 23] 传输开始: 客户端名称1(5199)的 _remote.repositories 相对路径:(cn/wulin/ioc/1.0.1-SNAPSHOT/_remote.repositories)
2018-09-09 16:15:32,456 INFO [pool-10-thread-2] c.b.fbackup.common.util.LoggerUtils [LoggerUtils.java : 23] 传输结束: 客户端名称1(5199)的 _remote.repositories 相对路径:(cn/wulin/ioc/1.0.1-SNAPSHOT/_remote.repositories)
2018-09-09 16:15:33,442 INFO [pool-10-thread-3] c.b.fbackup.common.util.LoggerUtils [LoggerUtils.java : 23] 传输开始: 客户端名称1(5199)的 maven-metadata-local.xml 相对路径:(cn/wulin/ioc/maven-metadata-local.xml)
2018-09-09 16:15:33,449 INFO [pool-10-thread-3] c.b.fbackup.common.util.LoggerUtils [LoggerUtils.java : 23] 传输结束: 客户端名称1(5199)的 maven-metadata-local.xml 相对路径:(cn/wulin/ioc/maven-metadata-local.xml)
2018-09-09 16:15:34,443 INFO [pool-10-thread-6] c.b.fbackup.common.util.LoggerUtils [LoggerUtils.java : 23] 传输开始: 客户端名称1(5199)的 maven-metadata-nexus-snapshots.xml 相对路径:(cn/wulin/ioc/maven-metadata-nexus-snapshots.xml)
2018-09-09 16:15:34,454 INFO [pool-10-thread-6] c.b.fbackup.common.util.LoggerUtils [LoggerUtils.java : 23] 传输结束: 客户端名称1(5199)的 maven-metadata-nexus-snapshots.xml 相对路径:(cn/wulin/ioc/maven-metadata-nexus-snapshots.xml)
2018-09-09 16:15:35,443 INFO [pool-10-thread-7] c.b.fbackup.common.util.LoggerUtils [LoggerUtils.java : 23] 传输开始: 客户端名称1(5199)的 maven-metadata-nexus-snapshots.xml.sha1 相对路径:(cn/wulin/ioc/maven-metadata-nexus-snapshots.xml.sha1)
2018-09-09 16:15:35,451 INFO [pool-10-thread-7] c.b.fbackup.common.util.LoggerUtils [LoggerUtils.java : 23] 传输结束: 客户端名称1(5199)的 maven-metadata-nexus-snapshots.xml.sha1 相对路径:(cn/wulin/ioc/maven-metadata-nexus-snapshots.xml.sha1)
2018-09-09 16:15:36,445 INFO [pool-10-thread-4] c.b.fbackup.common.util.LoggerUtils [LoggerUtils.java : 23] 传输开始: 客户端名称1(5199)的 thread-expire-1.0.1-20180710.024257-1.pom.sha1 相对路径:(cn/wulin/thread-expire/1.0.1-SNAPSHOT/thread-expire-1.0.1-20180710.024257-1.pom.sha1)
2018-09-09 16:15:36,453 INFO [pool-10-thread-4] c.b.fbackup.common.util.LoggerUtils [LoggerUtils.java : 23] 传输结束: 客户端名称1(5199)的 thread-expire-1.0.1-20180710.024257-1.pom.sha1 相对路径:(cn/wulin/thread-expire/1.0.1-SNAPSHOT/thread-expire-1.0.1-20180710.024257-1.pom.sha1)
2018-09-09 16:15:37,445 INFO [pool-10-thread-1] c.b.fbackup.common.util.LoggerUtils [LoggerUtils.java : 23] 传输开始: 客户端名称1(5199)的 thread-expire-1.0.1-SNAPSHOT-sources.jar.lastUpdated 相对路径:(cn/wulin/thread-expire/1.0.1-SNAPSHOT/thread-expire-1.0.1-SNAPSHOT-sources.jar.lastUpdated)
2018-09-09 16:15:37,460 INFO [pool-10-thread-1] c.b.fbackup.common.util.LoggerUtils [LoggerUtils.java : 23] 传输结束: 客户端名称1(5199)的 thread-expire-1.0.1-SNAPSHOT-sources.jar.lastUpdated 相对路径:(cn/wulin/thread-expire/1.0.1-SNAPSHOT/thread-expire-1.0.1-SNAPSHOT-sources.jar.lastUpdated)
2018-09-09 16:15:38,447 INFO [pool-10-thread-8] c.b.fbackup.common.util.LoggerUtils [LoggerUtils.java : 23] 传输开始: 客户端名称1(5199)的 thread-expire-1.0.1-SNAPSHOT.jar 相对路径:(cn/wulin/thread-expire/1.0.1-SNAPSHOT/thread-expire-1.0.1-SNAPSHOT.jar)
2018-09-09 16:15:38,455 INFO [pool-10-thread-8] c.b.fbackup.common.util.LoggerUtils [LoggerUtils.java : 23] 传输结束: 客户端名称1(5199)的 thread-expire-1.0.1-SNAPSHOT.jar 相对路径:(cn/wulin/thread-expire/1.0.1-SNAPSHOT/thread-expire-1.0.1-SNAPSHOT.jar)
2018-09-09 16:15:39,447 INFO [pool-10-thread-5] c.b.fbackup.common.util.LoggerUtils [LoggerUtils.java : 23] 传输开始: 客户端名称1(5199)的 thread-expire-1.0.1-SNAPSHOT.jar.lastUpdated 相对路径:(cn/wulin/thread-expire/1.0.1-SNAPSHOT/thread-expire-1.0.1-SNAPSHOT.jar.lastUpdated)
2018-09-09 16:15:39,453 INFO [pool-10-thread-5] c.b.fbackup.common.util.LoggerUtils [LoggerUtils.java : 23] 传输结束: 客户端名称1(5199)的 thread-expire-1.0.1-SNAPSHOT.jar.lastUpdated 相对路径:(cn/wulin/thread-expire/1.0.1-SNAPSHOT/thread-expire-1.0.1-SNAPSHOT.jar.lastUpdated)
2018-09-09 16:15:40,448 INFO [pool-10-thread-2] c.b.fbackup.common.util.LoggerUtils [LoggerUtils.java : 23] 传输开始: 客户端名称1(5199)的 thread-expire-1.0.1-SNAPSHOT.pom 相对路径:(cn/wulin/thread-expire/1.0.1-SNAPSHOT/thread-expire-1.0.1-SNAPSHOT.pom)
2018-09-09 16:15:40,456 INFO [pool-10-thread-2] c.b.fbackup.common.util.LoggerUtils [LoggerUtils.java : 23] 传输结束: 客户端名称1(5199)的 thread-expire-1.0.1-SNAPSHOT.pom 相对路径:(cn/wulin/thread-expire/1.0.1-SNAPSHOT/thread-expire-1.0.1-SNAPSHOT.pom)
2018-09-09 16:15:41,448 INFO [pool-10-thread-3] c.b.fbackup.common.util.LoggerUtils [LoggerUtils.java : 23] 传输开始: 客户端名称1(5199)的 thread-expire-1.0.1-SNAPSHOT.pom.lastUpdated 相对路径:(cn/wulin/thread-expire/1.0.1-SNAPSHOT/thread-expire-1.0.1-SNAPSHOT.pom.lastUpdated)
2018-09-09 16:15:41,457 INFO [pool-10-thread-3] c.b.fbackup.common.util.LoggerUtils [LoggerUtils.java : 23] 传输结束: 客户端名称1(5199)的 thread-expire-1.0.1-SNAPSHOT.pom.lastUpdated 相对路径:(cn/wulin/thread-expire/1.0.1-SNAPSHOT/thread-expire-1.0.1-SNAPSHOT.pom.lastUpdated)
2018-09-09 16:15:42,449 INFO [pool-10-thread-6] c.b.fbackup.common.util.LoggerUtils [LoggerUtils.java : 23] 传输开始: 客户端名称1(5199)的 _remote.repositories 相对路径:(cn/wulin/thread-expire/1.0.1-SNAPSHOT/_remote.repositories)
2018-09-09 16:15:42,457 INFO [pool-10-thread-6] c.b.fbackup.common.util.LoggerUtils [LoggerUtils.java : 23] 传输结束: 客户端名称1(5199)的 _remote.repositories 相对路径:(cn/wulin/thread-expire/1.0.1-SNAPSHOT/_remote.repositories)
2018-09-09 16:15:43,450 INFO [pool-10-thread-7] c.b.fbackup.common.util.LoggerUtils [LoggerUtils.java : 23] 传输开始: 客户端名称1(5199)的 maven-metadata-local.xml 相对路径:(cn/wulin/thread-expire/maven-metadata-local.xml)
2018-09-09 16:15:43,458 INFO [pool-10-thread-7] c.b.fbackup.common.util.LoggerUtils [LoggerUtils.java : 23] 传输结束: 客户端名称1(5199)的 maven-metadata-local.xml 相对路径:(cn/wulin/thread-expire/maven-metadata-local.xml)
2018-09-09 16:15:44,450 INFO [pool-10-thread-4] c.b.fbackup.common.util.LoggerUtils [LoggerUtils.java : 23] 传输开始: 客户端名称1(5199)的 maven-metadata-nexus-snapshots.xml 相对路径:(cn/wulin/thread-expire/maven-metadata-nexus-snapshots.xml)
2018-09-09 16:15:44,457 INFO [pool-10-thread-4] c.b.fbackup.common.util.LoggerUtils [LoggerUtils.java : 23] 传输结束: 客户端名称1(5199)的 maven-metadata-nexus-snapshots.xml 相对路径:(cn/wulin/thread-expire/maven-metadata-nexus-snapshots.xml)
2018-09-09 16:15:45,451 INFO [pool-10-thread-1] c.b.fbackup.common.util.LoggerUtils [LoggerUtils.java : 23] 传输开始: 客户端名称1(5199)的 resolver-status.properties 相对路径:(cn/wulin/thread-expire/resolver-status.properties)
2018-09-09 16:15:45,459 INFO [pool-10-thread-1] c.b.fbackup.common.util.LoggerUtils [LoggerUtils.java : 23] 传输结束: 客户端名称1(5199)的 resolver-status.properties 相对路径:(cn/wulin/thread-expire/resolver-status.properties)
2018-09-09 16:15:46,449 INFO [pool-10-thread-8] c.b.fbackup.common.util.LoggerUtils [LoggerUtils.java : 23] 传输开始: 客户端名称1(5199)的 zkclient-0.3.jar.lastUpdated 相对路径:(com/101tec/zkclient/0.3/zkclient-0.3.jar.lastUpdated)
2018-09-09 16:15:46,455 INFO [pool-10-thread-8] c.b.fbackup.common.util.LoggerUtils [LoggerUtils.java : 23] 传输结束: 客户端名称1(5199)的 zkclient-0.3.jar.lastUpdated 相对路径:(com/101tec/zkclient/0.3/zkclient-0.3.jar.lastUpdated)
2018-09-09 16:15:47,452 INFO [pool-10-thread-5] c.b.fbackup.common.util.LoggerUtils [LoggerUtils.java : 23] 传输开始: 客户端名称1(5199)的 zkclient-0.3.jar.sha1 相对路径:(com/101tec/zkclient/0.3/zkclient-0.3.jar.sha1)
2018-09-09 16:15:47,468 INFO [pool-10-thread-5] c.b.fbackup.common.util.LoggerUtils [LoggerUtils.java : 23] 传输结束: 客户端名称1(5199)的 zkclient-0.3.jar.sha1 相对路径:(com/101tec/zkclient/0.3/zkclient-0.3.jar.sha1)
2018-09-09 16:15:48,453 INFO [pool-10-thread-2] c.b.fbackup.common.util.LoggerUtils [LoggerUtils.java : 23] 传输开始: 客户端名称1(5199)的 zkclient-0.3.pom 相对路径:(com/101tec/zkclient/0.3/zkclient-0.3.pom)
2018-09-09 16:15:48,467 INFO [pool-10-thread-2] c.b.fbackup.common.util.LoggerUtils [LoggerUtils.java : 23] 传输结束: 客户端名称1(5199)的 zkclient-0.3.pom 相对路径:(com/101tec/zkclient/0.3/zkclient-0.3.pom)
2018-09-09 16:15:49,454 INFO [pool-10-thread-3] c.b.fbackup.common.util.LoggerUtils [LoggerUtils.java : 23] 传输开始: 客户端名称1(5199)的 zkclient-0.3.pom.lastUpdated 相对路径:(com/101tec/zkclient/0.3/zkclient-0.3.pom.lastUpdated)
2018-09-09 16:15:49,460 INFO [pool-10-thread-3] c.b.fbackup.common.util.LoggerUtils [LoggerUtils.java : 23] 传输结束: 客户端名称1(5199)的 zkclient-0.3.pom.lastUpdated 相对路径:(com/101tec/zkclient/0.3/zkclient-0.3.pom.lastUpdated)
2018-09-09 16:15:50,454 INFO [pool-10-thread-6] c.b.fbackup.common.util.LoggerUtils [LoggerUtils.java : 23] 传输开始: 客户端名称1(5199)的 zkclient-0.3.pom.sha1 相对路径:(com/101tec/zkclient/0.3/zkclient-0.3.pom.sha1)
2018-09-09 16:15:50,470 INFO [pool-10-thread-6] c.b.fbackup.common.util.LoggerUtils [LoggerUtils.java : 23] 传输结束: 客户端名称1(5199)的 zkclient-0.3.pom.sha1 相对路径:(com/101tec/zkclient/0.3/zkclient-0.3.pom.sha1)
2018-09-09 16:15:51,454 INFO [pool-10-thread-7] c.b.fbackup.common.util.LoggerUtils [LoggerUtils.java : 23] 传输开始: 客户端名称1(5199)的 _remote.repositories 相对路径:(com/101tec/zkclient/0.3/_remote.repositories)
2018-09-09 16:15:51,466 INFO [pool-10-thread-7] c.b.fbackup.common.util.LoggerUtils [LoggerUtils.java : 23] 传输结束: 客户端名称1(5199)的 _remote.repositories 相对路径:(com/101tec/zkclient/0.3/_remote.repositories)
2018-09-09 16:15:52,454 INFO [pool-10-thread-4] c.b.fbackup.common.util.LoggerUtils [LoggerUtils.java : 23] 传输开始: 客户端名称1(5199)的 zkclient-0.4.jar 相对路径:(com/101tec/zkclient/0.4/zkclient-0.4.jar)
2018-09-09 16:15:52,462 INFO [pool-10-thread-4] c.b.fbackup.common.util.LoggerUtils [LoggerUtils.java : 23] 传输结束: 客户端名称1(5199)的 zkclient-0.4.jar 相对路径:(com/101tec/zkclient/0.4/zkclient-0.4.jar)
2018-09-09 16:15:53,455 INFO [pool-10-thread-1] c.b.fbackup.common.util.LoggerUtils [LoggerUtils.java : 23] 传输开始: 客户端名称1(5199)的 zkclient-0.4.jar.sha1 相对路径:(com/101tec/zkclient/0.4/zkclient-0.4.jar.sha1)
2018-09-09 16:15:53,469 INFO [pool-10-thread-1] c.b.fbackup.common.util.LoggerUtils [LoggerUtils.java : 23] 传输结束: 客户端名称1(5199)的 zkclient-0.4.jar.sha1 相对路径:(com/101tec/zkclient/0.4/zkclient-0.4.jar.sha1)
2018-09-09 16:15:54,455 INFO [pool-10-thread-8] c.b.fbackup.common.util.LoggerUtils [LoggerUtils.java : 23] 传输开始: 客户端名称1(5199)的 zkclient-0.4.pom 相对路径:(com/101tec/zkclient/0.4/zkclient-0.4.pom)
2018-09-09 16:15:54,462 INFO [pool-10-thread-8] c.b.fbackup.common.util.LoggerUtils [LoggerUtils.java : 23] 传输结束: 客户端名称1(5199)的 zkclient-0.4.pom 相对路径:(com/101tec/zkclient/0.4/zkclient-0.4.pom)
2018-09-09 16:15:55,456 INFO [pool-10-thread-5] c.b.fbackup.common.util.LoggerUtils [LoggerUtils.java : 23] 传输开始: 客户端名称1(5199)的 zkclient-0.4.pom.sha1 相对路径:(com/101tec/zkclient/0.4/zkclient-0.4.pom.sha1)
2018-09-09 16:15:55,470 INFO [pool-10-thread-5] c.b.fbackup.common.util.LoggerUtils [LoggerUtils.java : 23] 传输结束: 客户端名称1(5199)的 zkclient-0.4.pom.sha1 相对路径:(com/101tec/zkclient/0.4/zkclient-0.4.pom.sha1)
2018-09-09 16:15:56,455 INFO [pool-10-thread-2] c.b.fbackup.common.util.LoggerUtils [LoggerUtils.java : 23] 传输开始: 客户端名称1(5199)的 trade_common-0.0.1-SNAPSHOT.jar.lastUpdated 相对路径:(com/ace/trade_common/0.0.1-SNAPSHOT/trade_common-0.0.1-SNAPSHOT.jar.lastUpdated)
2018-09-09 16:15:56,469 INFO [pool-10-thread-2] c.b.fbackup.common.util.LoggerUtils [LoggerUtils.java : 23] 传输结束: 客户端名称1(5199)的 trade_common-0.0.1-SNAPSHOT.jar.lastUpdated 相对路径:(com/ace/trade_common/0.0.1-SNAPSHOT/trade_common-0.0.1-SNAPSHOT.jar.lastUpdated)
2018-09-09 16:15:57,455 INFO [pool-10-thread-3] c.b.fbackup.common.util.LoggerUtils [LoggerUtils.java : 23] 传输开始: 客户端名称1(5199)的 trade_common-0.0.1-SNAPSHOT.pom.lastUpdated 相对路径:(com/ace/trade_common/0.0.1-SNAPSHOT/trade_common-0.0.1-SNAPSHOT.pom.lastUpdated)
2018-09-09 16:15:57,465 INFO [pool-10-thread-3] c.b.fbackup.common.util.LoggerUtils [LoggerUtils.java : 23] 传输结束: 客户端名称1(5199)的 trade_common-0.0.1-SNAPSHOT.pom.lastUpdated 相对路径:(com/ace/trade_common/0.0.1-SNAPSHOT/trade_common-0.0.1-SNAPSHOT.pom.lastUpdated)
2018-09-09 16:15:58,455 INFO [pool-10-thread-6] c.b.fbackup.common.util.LoggerUtils [LoggerUtils.java : 23] 传输开始: 客户端名称1(5199)的 resolver-status.properties 相对路径:(com/ace/trade_dao/0.0.1-SNAPSHOT/resolver-status.properties)
2018-09-09 16:15:58,463 INFO [pool-10-thread-6] c.b.fbackup.common.util.LoggerUtils [LoggerUtils.java : 23] 传输结束: 客户端名称1(5199)的 resolver-status.properties 相对路径:(com/ace/trade_dao/0.0.1-SNAPSHOT/resolver-status.properties)
2018-09-09 16:15:59,456 INFO [pool-10-thread-7] c.b.fbackup.common.util.LoggerUtils [LoggerUtils.java : 23] 传输开始: 客户端名称1(5199)的 trade_dao-0.0.1-SNAPSHOT.jar.lastUpdated 相对路径:(com/ace/trade_dao/0.0.1-SNAPSHOT/trade_dao-0.0.1-SNAPSHOT.jar.lastUpdated)
2018-09-09 16:15:59,464 INFO [pool-10-thread-7] c.b.fbackup.common.util.LoggerUtils [LoggerUtils.java : 23] 传输结束: 客户端名称1(5199)的 trade_dao-0.0.1-SNAPSHOT.jar.lastUpdated 相对路径:(com/ace/trade_dao/0.0.1-SNAPSHOT/trade_dao-0.0.1-SNAPSHOT.jar.lastUpdated)
2018-09-09 16:16:00,456 INFO [pool-10-thread-4] c.b.fbackup.common.util.LoggerUtils [LoggerUtils.java : 23] 传输开始: 客户端名称1(5199)的 trade_dao-0.0.1-SNAPSHOT.pom.lastUpdated 相对路径:(com/ace/trade_dao/0.0.1-SNAPSHOT/trade_dao-0.0.1-SNAPSHOT.pom.lastUpdated)
2018-09-09 16:16:00,463 INFO [pool-10-thread-4] c.b.fbackup.common.util.LoggerUtils [LoggerUtils.java : 23] 传输结束: 客户端名称1(5199)的 trade_dao-0.0.1-SNAPSHOT.pom.lastUpdated 相对路径:(com/ace/trade_dao/0.0.1-SNAPSHOT/trade_dao-0.0.1-SNAPSHOT.pom.lastUpdated)
2018-09-09 16:16:01,456 INFO [pool-10-thread-1] c.b.fbackup.common.util.LoggerUtils [LoggerUtils.java : 23] 传输开始: 客户端名称1(5199)的 citrus-parent-3.0.8.pom 相对路径:(com/alibaba/citrus/citrus-parent/3.0.8/citrus-parent-3.0.8.pom)
2018-09-09 16:16:01,463 INFO [pool-10-thread-1] c.b.fbackup.common.util.LoggerUtils [LoggerUtils.java : 23] 传输结束: 客户端名称1(5199)的 citrus-parent-3.0.8.pom 相对路径:(com/alibaba/citrus/citrus-parent/3.0.8/citrus-parent-3.0.8.pom)
2018-09-09 16:16:02,456 INFO [pool-10-thread-8] c.b.fbackup.common.util.LoggerUtils [LoggerUtils.java : 23] 传输开始: 客户端名称1(5199)的 citrus-parent-3.0.8.pom.sha1 相对路径:(com/alibaba/citrus/citrus-parent/3.0.8/citrus-parent-3.0.8.pom.sha1)
2018-09-09 16:16:02,462 INFO [pool-10-thread-8] c.b.fbackup.common.util.LoggerUtils [LoggerUtils.java : 23] 传输结束: 客户端名称1(5199)的 citrus-parent-3.0.8.pom.sha1 相对路径:(com/alibaba/citrus/citrus-parent/3.0.8/citrus-parent-3.0.8.pom.sha1)
2018-09-09 16:16:03,457 INFO [pool-10-thread-5] c.b.fbackup.common.util.LoggerUtils [LoggerUtils.java : 23] 传输开始: 客户端名称1(5199)的 _remote.repositories 相对路径:(com/alibaba/citrus/citrus-parent/3.0.8/_remote.repositories)
2018-09-09 16:16:03,462 INFO [pool-10-thread-5] c.b.fbackup.common.util.LoggerUtils [LoggerUtils.java : 23] 传输结束: 客户端名称1(5199)的 _remote.repositories 相对路径:(com/alibaba/citrus/citrus-parent/3.0.8/_remote.repositories)
2018-09-09 16:16:04,457 INFO [pool-10-thread-2] c.b.fbackup.common.util.LoggerUtils [LoggerUtils.java : 23] 传输开始: 客户端名称1(5199)的 citrus-webx-all-3.0.8.jar 相对路径:(com/alibaba/citrus/citrus-webx-all/3.0.8/citrus-webx-all-3.0.8.jar)
2018-09-09 16:16:04,478 INFO [pool-10-thread-2] c.b.fbackup.common.util.LoggerUtils [LoggerUtils.java : 23] 传输结束: 客户端名称1(5199)的 citrus-webx-all-3.0.8.jar 相对路径:(com/alibaba/citrus/citrus-webx-all/3.0.8/citrus-webx-all-3.0.8.jar)
2018-09-09 16:16:05,457 INFO [pool-10-thread-3] c.b.fbackup.common.util.LoggerUtils [LoggerUtils.java : 23] 传输开始: 客户端名称1(5199)的 citrus-webx-all-3.0.8.jar.sha1 相对路径:(com/alibaba/citrus/citrus-webx-all/3.0.8/citrus-webx-all-3.0.8.jar.sha1)
2018-09-09 16:16:05,464 INFO [pool-10-thread-3] c.b.fbackup.common.util.LoggerUtils [LoggerUtils.java : 23] 传输结束: 客户端名称1(5199)的 citrus-webx-all-3.0.8.jar.sha1 相对路径:(com/alibaba/citrus/citrus-webx-all/3.0.8/citrus-webx-all-3.0.8.jar.sha1)
2018-09-09 16:16:06,459 INFO [pool-10-thread-6] c.b.fbackup.common.util.LoggerUtils [LoggerUtils.java : 23] 传输开始: 客户端名称1(5199)的 _remote.repositories 相对路径:(com/alibaba/druid/1.0.13/_remote.repositories)
2018-09-09 16:16:06,466 INFO [pool-10-thread-6] c.b.fbackup.common.util.LoggerUtils [LoggerUtils.java : 23] 传输结束: 客户端名称1(5199)的 _remote.repositories 相对路径:(com/alibaba/druid/1.0.13/_remote.repositories)
2018-09-09 16:16:07,461 INFO [pool-10-thread-7] c.b.fbackup.common.util.LoggerUtils [LoggerUtils.java : 23] 传输开始: 客户端名称1(5199)的 druid-1.0.15.jar 相对路径:(com/alibaba/druid/1.0.15/druid-1.0.15.jar)
2018-09-09 16:16:07,477 INFO [pool-10-thread-7] c.b.fbackup.common.util.LoggerUtils [LoggerUtils.java : 23] 传输结束: 客户端名称1(5199)的 druid-1.0.15.jar 相对路径:(com/alibaba/druid/1.0.15/druid-1.0.15.jar)
