2018-09-09 11:37:37,739 INFO [main] c.b.fbackup.server.build.StartServer [StartupInfoLogger.java : 48] Starting StartServer on wulinThinkPad with PID 6544 (D:\software\helpProgramming\git_client\git\workspace_directory\self_directory\fbackup_workspace\fbackup_repository\fbackup-parent\fbackup-server\target\classes started by ThinkPad in D:\software\helpProgramming\git_client\git\workspace_directory\self_directory\fbackup_workspace\fbackup_repository\fbackup-parent\fbackup-server)
2018-09-09 11:37:37,755 INFO [main] c.b.fbackup.server.build.StartServer [SpringApplication.java : 593] No active profile set, falling back to default profiles: default
2018-09-09 11:37:37,812 INFO [main] o.s.b.c.e.AnnotationConfigEmbeddedWebApplicationContext [AbstractApplicationContext.java : 583] Refreshing org.springframework.boot.context.embedded.AnnotationConfigEmbeddedWebApplicationContext@4bf48f6: startup date [Sun Sep 09 11:37:37 CST 2018]; root of context hierarchy
2018-09-09 11:37:37,865 INFO [background-preinit] o.h.validator.internal.util.Version [Version.java : 30] HV000001: Hibernate Validator 5.3.5.Final
2018-09-09 11:37:38,307 INFO [main] o.s.b.f.xml.XmlBeanDefinitionReader [XmlBeanDefinitionReader.java : 317] Loading XML bean definitions from file [D:\software\helpProgramming\git_client\git\workspace_directory\self_directory\fbackup_workspace\fbackup_repository\fbackup-parent\fbackup-server\target\classes\META-INF\spring\module-fbackup-server.xml]
2018-09-09 11:37:38,430 INFO [main] o.s.b.f.xml.XmlBeanDefinitionReader [XmlBeanDefinitionReader.java : 317] Loading XML bean definitions from file [D:\software\helpProgramming\git_client\git\workspace_directory\self_directory\fbackup_workspace\fbackup_repository\fbackup-parent\fbackup-common\target\classes\META-INF\spring\module-fbackup-common.xml]
2018-09-09 11:37:38,485 INFO [main] o.s.b.f.xml.XmlBeanDefinitionReader [XmlBeanDefinitionReader.java : 317] Loading XML bean definitions from URL [jar:file:/D:/repository/org/apel/gaia-property-loader/1.0.1-SNAPSHOT/gaia-property-loader-1.0.1-SNAPSHOT.jar!/META-INF/spring/module-property-loader.xml]
2018-09-09 11:37:38,503 INFO [main] o.s.b.f.xml.XmlBeanDefinitionReader [XmlBeanDefinitionReader.java : 317] Loading XML bean definitions from URL [jar:file:/D:/repository/org/apel/gaia-container-boot/1.0.1-SNAPSHOT/gaia-container-boot-1.0.1-SNAPSHOT.jar!/META-INF/spring/module-boot.xml]
2018-09-09 11:37:38,523 INFO [main] o.s.b.f.xml.XmlBeanDefinitionReader [XmlBeanDefinitionReader.java : 317] Loading XML bean definitions from URL [jar:file:/D:/repository/org/apel/gaia-container-boot/1.0.1-SNAPSHOT/gaia-container-boot-1.0.1-SNAPSHOT.jar!/META-INF/spring/module-mvc.xml]
2018-09-09 11:37:39,020 WARN [main] o.s.c.a.ConfigurationClassEnhancer [ConfigurationClassEnhancer.java : 350] @Bean method CenterPropertyLoader.propertyPlaceholderConfigurer is non-static and returns an object assignable to Spring's BeanFactoryPostProcessor interface. This will result in a failure to process annotations such as @Autowired, @Resource and @PostConstruct within the method's declaring @Configuration class. Add the 'static' modifier to this method to avoid these container lifecycle issues; see @Bean javadoc for complete details.
2018-09-09 11:37:39,131 WARN [main] o.s.b.c.e.AnnotationConfigEmbeddedWebApplicationContext [AbstractApplicationContext.java : 551] Exception encountered during context initialization - cancelling refresh attempt: org.springframework.beans.factory.BeanCreationException: Error creating bean with name 'org.springframework.aop.config.internalAutoProxyCreator': Initialization of bean failed; nested exception is java.lang.NoClassDefFoundError: org/aspectj/lang/annotation/Around
2018-09-09 11:37:39,134 ERROR [main] o.s.b.f.s.DefaultListableBeanFactory [DefaultSingletonBeanRegistry.java : 581] Destroy method on bean with name 'org.springframework.boot.context.properties.ConfigurationPropertiesBindingPostProcessor' threw an exception
java.lang.IllegalStateException: ApplicationEventMulticaster not initialized - call 'refresh' before multicasting events via the context: org.springframework.boot.context.embedded.AnnotationConfigEmbeddedWebApplicationContext@4bf48f6: startup date [Sun Sep 09 11:37:37 CST 2018]; root of context hierarchy
	at org.springframework.context.support.AbstractApplicationContext.getApplicationEventMulticaster(AbstractApplicationContext.java:414)
	at org.springframework.context.support.ApplicationListenerDetector.postProcessBeforeDestruction(ApplicationListenerDetector.java:97)
	at org.springframework.beans.factory.support.DisposableBeanAdapter.destroy(DisposableBeanAdapter.java:253)
	at org.springframework.beans.factory.support.DefaultSingletonBeanRegistry.destroyBean(DefaultSingletonBeanRegistry.java:578)
	at org.springframework.beans.factory.support.DefaultSingletonBeanRegistry.destroySingleton(DefaultSingletonBeanRegistry.java:554)
	at org.springframework.beans.factory.support.DefaultListableBeanFactory.destroySingleton(DefaultListableBeanFactory.java:961)
	at org.springframework.beans.factory.support.DefaultSingletonBeanRegistry.destroySingletons(DefaultSingletonBeanRegistry.java:523)
	at org.springframework.beans.factory.support.FactoryBeanRegistrySupport.destroySingletons(FactoryBeanRegistrySupport.java:230)
	at org.springframework.beans.factory.support.DefaultListableBeanFactory.destroySingletons(DefaultListableBeanFactory.java:968)
	at org.springframework.context.support.AbstractApplicationContext.destroyBeans(AbstractApplicationContext.java:1030)
	at org.springframework.context.support.AbstractApplicationContext.refresh(AbstractApplicationContext.java:556)
	at org.springframework.boot.context.embedded.EmbeddedWebApplicationContext.refresh(EmbeddedWebApplicationContext.java:122)
	at org.springframework.boot.SpringApplication.refresh(SpringApplication.java:693)
	at org.springframework.boot.SpringApplication.refreshContext(SpringApplication.java:360)
	at org.springframework.boot.SpringApplication.run(SpringApplication.java:303)
	at org.springframework.boot.SpringApplication.run(SpringApplication.java:1118)
	at org.springframework.boot.SpringApplication.run(SpringApplication.java:1107)
	at org.apel.gaia.container.boot.PlatformStarter.start(PlatformStarter.java:21)
	at com.bjhy.fbackup.server.build.StartServer.main(StartServer.java:16)
2018-09-09 11:37:39,135 ERROR [main] o.s.b.f.s.DefaultListableBeanFactory [DefaultSingletonBeanRegistry.java : 581] Destroy method on bean with name 'org.springframework.boot.autoconfigure.internalCachingMetadataReaderFactory' threw an exception
java.lang.IllegalStateException: ApplicationEventMulticaster not initialized - call 'refresh' before multicasting events via the context: org.springframework.boot.context.embedded.AnnotationConfigEmbeddedWebApplicationContext@4bf48f6: startup date [Sun Sep 09 11:37:37 CST 2018]; root of context hierarchy
	at org.springframework.context.support.AbstractApplicationContext.getApplicationEventMulticaster(AbstractApplicationContext.java:414)
	at org.springframework.context.support.ApplicationListenerDetector.postProcessBeforeDestruction(ApplicationListenerDetector.java:97)
	at org.springframework.beans.factory.support.DisposableBeanAdapter.destroy(DisposableBeanAdapter.java:253)
	at org.springframework.beans.factory.support.DefaultSingletonBeanRegistry.destroyBean(DefaultSingletonBeanRegistry.java:578)
	at org.springframework.beans.factory.support.DefaultSingletonBeanRegistry.destroySingleton(DefaultSingletonBeanRegistry.java:554)
	at org.springframework.beans.factory.support.DefaultListableBeanFactory.destroySingleton(DefaultListableBeanFactory.java:961)
	at org.springframework.beans.factory.support.DefaultSingletonBeanRegistry.destroySingletons(DefaultSingletonBeanRegistry.java:523)
	at org.springframework.beans.factory.support.FactoryBeanRegistrySupport.destroySingletons(FactoryBeanRegistrySupport.java:230)
	at org.springframework.beans.factory.support.DefaultListableBeanFactory.destroySingletons(DefaultListableBeanFactory.java:968)
	at org.springframework.context.support.AbstractApplicationContext.destroyBeans(AbstractApplicationContext.java:1030)
	at org.springframework.context.support.AbstractApplicationContext.refresh(AbstractApplicationContext.java:556)
	at org.springframework.boot.context.embedded.EmbeddedWebApplicationContext.refresh(EmbeddedWebApplicationContext.java:122)
	at org.springframework.boot.SpringApplication.refresh(SpringApplication.java:693)
	at org.springframework.boot.SpringApplication.refreshContext(SpringApplication.java:360)
	at org.springframework.boot.SpringApplication.run(SpringApplication.java:303)
	at org.springframework.boot.SpringApplication.run(SpringApplication.java:1118)
	at org.springframework.boot.SpringApplication.run(SpringApplication.java:1107)
	at org.apel.gaia.container.boot.PlatformStarter.start(PlatformStarter.java:21)
	at com.bjhy.fbackup.server.build.StartServer.main(StartServer.java:16)
2018-09-09 11:37:39,141 INFO [main] o.s.b.a.l.AutoConfigurationReportLoggingInitializer [AutoConfigurationReportLoggingInitializer.java : 101] 

Error starting ApplicationContext. To display the auto-configuration report re-run your application with 'debug' enabled.
2018-09-09 11:37:39,145 ERROR [main] o.s.boot.SpringApplication [SpringApplication.java : 771] Application startup failed
org.springframework.beans.factory.BeanCreationException: Error creating bean with name 'org.springframework.aop.config.internalAutoProxyCreator': Initialization of bean failed; nested exception is java.lang.NoClassDefFoundError: org/aspectj/lang/annotation/Around
	at org.springframework.beans.factory.support.AbstractAutowireCapableBeanFactory.doCreateBean(AbstractAutowireCapableBeanFactory.java:564)
	at org.springframework.beans.factory.support.AbstractAutowireCapableBeanFactory.createBean(AbstractAutowireCapableBeanFactory.java:483)
	at org.springframework.beans.factory.support.AbstractBeanFactory$1.getObject(AbstractBeanFactory.java:306)
	at org.springframework.beans.factory.support.DefaultSingletonBeanRegistry.getSingleton(DefaultSingletonBeanRegistry.java:230)
	at org.springframework.beans.factory.support.AbstractBeanFactory.doGetBean(AbstractBeanFactory.java:302)
	at org.springframework.beans.factory.support.AbstractBeanFactory.getBean(AbstractBeanFactory.java:202)
	at org.springframework.context.support.PostProcessorRegistrationDelegate.registerBeanPostProcessors(PostProcessorRegistrationDelegate.java:223)
	at org.springframework.context.support.AbstractApplicationContext.registerBeanPostProcessors(AbstractApplicationContext.java:703)
	at org.springframework.context.support.AbstractApplicationContext.refresh(AbstractApplicationContext.java:528)
	at org.springframework.boot.context.embedded.EmbeddedWebApplicationContext.refresh(EmbeddedWebApplicationContext.java:122)
	at org.springframework.boot.SpringApplication.refresh(SpringApplication.java:693)
	at org.springframework.boot.SpringApplication.refreshContext(SpringApplication.java:360)
	at org.springframework.boot.SpringApplication.run(SpringApplication.java:303)
	at org.springframework.boot.SpringApplication.run(SpringApplication.java:1118)
	at org.springframework.boot.SpringApplication.run(SpringApplication.java:1107)
	at org.apel.gaia.container.boot.PlatformStarter.start(PlatformStarter.java:21)
	at com.bjhy.fbackup.server.build.StartServer.main(StartServer.java:16)
Caused by: java.lang.NoClassDefFoundError: org/aspectj/lang/annotation/Around
	at org.springframework.aop.aspectj.annotation.ReflectiveAspectJAdvisorFactory.<clinit>(ReflectiveAspectJAdvisorFactory.java:77)
	at org.springframework.aop.aspectj.annotation.AnnotationAwareAspectJAutoProxyCreator.initBeanFactory(AnnotationAwareAspectJAutoProxyCreator.java:78)
	at org.springframework.aop.framework.autoproxy.AbstractAdvisorAutoProxyCreator.setBeanFactory(AbstractAdvisorAutoProxyCreator.java:60)
	at org.springframework.beans.factory.support.AbstractAutowireCapableBeanFactory.invokeAwareMethods(AbstractAutowireCapableBeanFactory.java:1647)
	at org.springframework.beans.factory.support.AbstractAutowireCapableBeanFactory.initializeBean(AbstractAutowireCapableBeanFactory.java:1615)
	at org.springframework.beans.factory.support.AbstractAutowireCapableBeanFactory.doCreateBean(AbstractAutowireCapableBeanFactory.java:555)
	... 16 common frames omitted
Caused by: java.lang.ClassNotFoundException: org.aspectj.lang.annotation.Around
	at java.net.URLClassLoader.findClass(Unknown Source)
	at java.lang.ClassLoader.loadClass(Unknown Source)
	at sun.misc.Launcher$AppClassLoader.loadClass(Unknown Source)
	at java.lang.ClassLoader.loadClass(Unknown Source)
	... 22 common frames omitted
2018-09-09 11:39:28,096 INFO [main] c.b.fbackup.server.build.StartServer [StartupInfoLogger.java : 48] Starting StartServer on wulinThinkPad with PID 10952 (D:\software\helpProgramming\git_client\git\workspace_directory\self_directory\fbackup_workspace\fbackup_repository\fbackup-parent\fbackup-server\target\classes started by ThinkPad in D:\software\helpProgramming\git_client\git\workspace_directory\self_directory\fbackup_workspace\fbackup_repository\fbackup-parent\fbackup-server)
2018-09-09 11:39:28,103 INFO [main] c.b.fbackup.server.build.StartServer [SpringApplication.java : 593] No active profile set, falling back to default profiles: default
2018-09-09 11:39:28,160 INFO [main] o.s.b.c.e.AnnotationConfigEmbeddedWebApplicationContext [AbstractApplicationContext.java : 583] Refreshing org.springframework.boot.context.embedded.AnnotationConfigEmbeddedWebApplicationContext@329dbdbf: startup date [Sun Sep 09 11:39:28 CST 2018]; root of context hierarchy
2018-09-09 11:39:28,219 INFO [background-preinit] o.h.validator.internal.util.Version [Version.java : 30] HV000001: Hibernate Validator 5.3.5.Final
2018-09-09 11:39:28,657 INFO [main] o.s.b.f.xml.XmlBeanDefinitionReader [XmlBeanDefinitionReader.java : 317] Loading XML bean definitions from file [D:\software\helpProgramming\git_client\git\workspace_directory\self_directory\fbackup_workspace\fbackup_repository\fbackup-parent\fbackup-server\target\classes\META-INF\spring\module-fbackup-server.xml]
2018-09-09 11:39:28,754 INFO [main] o.s.b.f.xml.XmlBeanDefinitionReader [XmlBeanDefinitionReader.java : 317] Loading XML bean definitions from file [D:\software\helpProgramming\git_client\git\workspace_directory\self_directory\fbackup_workspace\fbackup_repository\fbackup-parent\fbackup-common\target\classes\META-INF\spring\module-fbackup-common.xml]
2018-09-09 11:39:28,805 INFO [main] o.s.b.f.xml.XmlBeanDefinitionReader [XmlBeanDefinitionReader.java : 317] Loading XML bean definitions from URL [jar:file:/D:/repository/org/apel/gaia-property-loader/1.0.1-SNAPSHOT/gaia-property-loader-1.0.1-SNAPSHOT.jar!/META-INF/spring/module-property-loader.xml]
2018-09-09 11:39:28,827 INFO [main] o.s.b.f.xml.XmlBeanDefinitionReader [XmlBeanDefinitionReader.java : 317] Loading XML bean definitions from URL [jar:file:/D:/repository/org/apel/gaia-container-boot/1.0.1-SNAPSHOT/gaia-container-boot-1.0.1-SNAPSHOT.jar!/META-INF/spring/module-boot.xml]
2018-09-09 11:39:28,856 INFO [main] o.s.b.f.xml.XmlBeanDefinitionReader [XmlBeanDefinitionReader.java : 317] Loading XML bean definitions from URL [jar:file:/D:/repository/org/apel/gaia-container-boot/1.0.1-SNAPSHOT/gaia-container-boot-1.0.1-SNAPSHOT.jar!/META-INF/spring/module-mvc.xml]
2018-09-09 11:39:29,351 WARN [main] o.s.c.a.ConfigurationClassEnhancer [ConfigurationClassEnhancer.java : 350] @Bean method CenterPropertyLoader.propertyPlaceholderConfigurer is non-static and returns an object assignable to Spring's BeanFactoryPostProcessor interface. This will result in a failure to process annotations such as @Autowired, @Resource and @PostConstruct within the method's declaring @Configuration class. Add the 'static' modifier to this method to avoid these container lifecycle issues; see @Bean javadoc for complete details.
2018-09-09 11:39:29,478 WARN [main] o.s.b.c.e.AnnotationConfigEmbeddedWebApplicationContext [AbstractApplicationContext.java : 551] Exception encountered during context initialization - cancelling refresh attempt: org.springframework.beans.factory.BeanCreationException: Error creating bean with name 'org.springframework.aop.config.internalAutoProxyCreator': Initialization of bean failed; nested exception is java.lang.NoClassDefFoundError: org/aspectj/lang/annotation/Around
2018-09-09 11:39:29,481 ERROR [main] o.s.b.f.s.DefaultListableBeanFactory [DefaultSingletonBeanRegistry.java : 581] Destroy method on bean with name 'org.springframework.boot.context.properties.ConfigurationPropertiesBindingPostProcessor' threw an exception
java.lang.IllegalStateException: ApplicationEventMulticaster not initialized - call 'refresh' before multicasting events via the context: org.springframework.boot.context.embedded.AnnotationConfigEmbeddedWebApplicationContext@329dbdbf: startup date [Sun Sep 09 11:39:28 CST 2018]; root of context hierarchy
	at org.springframework.context.support.AbstractApplicationContext.getApplicationEventMulticaster(AbstractApplicationContext.java:414)
	at org.springframework.context.support.ApplicationListenerDetector.postProcessBeforeDestruction(ApplicationListenerDetector.java:97)
	at org.springframework.beans.factory.support.DisposableBeanAdapter.destroy(DisposableBeanAdapter.java:253)
	at org.springframework.beans.factory.support.DefaultSingletonBeanRegistry.destroyBean(DefaultSingletonBeanRegistry.java:578)
	at org.springframework.beans.factory.support.DefaultSingletonBeanRegistry.destroySingleton(DefaultSingletonBeanRegistry.java:554)
	at org.springframework.beans.factory.support.DefaultListableBeanFactory.destroySingleton(DefaultListableBeanFactory.java:961)
	at org.springframework.beans.factory.support.DefaultSingletonBeanRegistry.destroySingletons(DefaultSingletonBeanRegistry.java:523)
	at org.springframework.beans.factory.support.FactoryBeanRegistrySupport.destroySingletons(FactoryBeanRegistrySupport.java:230)
	at org.springframework.beans.factory.support.DefaultListableBeanFactory.destroySingletons(DefaultListableBeanFactory.java:968)
	at org.springframework.context.support.AbstractApplicationContext.destroyBeans(AbstractApplicationContext.java:1030)
	at org.springframework.context.support.AbstractApplicationContext.refresh(AbstractApplicationContext.java:556)
	at org.springframework.boot.context.embedded.EmbeddedWebApplicationContext.refresh(EmbeddedWebApplicationContext.java:122)
	at org.springframework.boot.SpringApplication.refresh(SpringApplication.java:693)
	at org.springframework.boot.SpringApplication.refreshContext(SpringApplication.java:360)
	at org.springframework.boot.SpringApplication.run(SpringApplication.java:303)
	at org.springframework.boot.SpringApplication.run(SpringApplication.java:1118)
	at org.springframework.boot.SpringApplication.run(SpringApplication.java:1107)
	at org.apel.gaia.container.boot.PlatformStarter.start(PlatformStarter.java:21)
	at com.bjhy.fbackup.server.build.StartServer.main(StartServer.java:16)
2018-09-09 11:39:29,482 ERROR [main] o.s.b.f.s.DefaultListableBeanFactory [DefaultSingletonBeanRegistry.java : 581] Destroy method on bean with name 'org.springframework.boot.autoconfigure.internalCachingMetadataReaderFactory' threw an exception
java.lang.IllegalStateException: ApplicationEventMulticaster not initialized - call 'refresh' before multicasting events via the context: org.springframework.boot.context.embedded.AnnotationConfigEmbeddedWebApplicationContext@329dbdbf: startup date [Sun Sep 09 11:39:28 CST 2018]; root of context hierarchy
	at org.springframework.context.support.AbstractApplicationContext.getApplicationEventMulticaster(AbstractApplicationContext.java:414)
	at org.springframework.context.support.ApplicationListenerDetector.postProcessBeforeDestruction(ApplicationListenerDetector.java:97)
	at org.springframework.beans.factory.support.DisposableBeanAdapter.destroy(DisposableBeanAdapter.java:253)
	at org.springframework.beans.factory.support.DefaultSingletonBeanRegistry.destroyBean(DefaultSingletonBeanRegistry.java:578)
	at org.springframework.beans.factory.support.DefaultSingletonBeanRegistry.destroySingleton(DefaultSingletonBeanRegistry.java:554)
	at org.springframework.beans.factory.support.DefaultListableBeanFactory.destroySingleton(DefaultListableBeanFactory.java:961)
	at org.springframework.beans.factory.support.DefaultSingletonBeanRegistry.destroySingletons(DefaultSingletonBeanRegistry.java:523)
	at org.springframework.beans.factory.support.FactoryBeanRegistrySupport.destroySingletons(FactoryBeanRegistrySupport.java:230)
	at org.springframework.beans.factory.support.DefaultListableBeanFactory.destroySingletons(DefaultListableBeanFactory.java:968)
	at org.springframework.context.support.AbstractApplicationContext.destroyBeans(AbstractApplicationContext.java:1030)
	at org.springframework.context.support.AbstractApplicationContext.refresh(AbstractApplicationContext.java:556)
	at org.springframework.boot.context.embedded.EmbeddedWebApplicationContext.refresh(EmbeddedWebApplicationContext.java:122)
	at org.springframework.boot.SpringApplication.refresh(SpringApplication.java:693)
	at org.springframework.boot.SpringApplication.refreshContext(SpringApplication.java:360)
	at org.springframework.boot.SpringApplication.run(SpringApplication.java:303)
	at org.springframework.boot.SpringApplication.run(SpringApplication.java:1118)
	at org.springframework.boot.SpringApplication.run(SpringApplication.java:1107)
	at org.apel.gaia.container.boot.PlatformStarter.start(PlatformStarter.java:21)
	at com.bjhy.fbackup.server.build.StartServer.main(StartServer.java:16)
2018-09-09 11:39:29,492 INFO [main] o.s.b.a.l.AutoConfigurationReportLoggingInitializer [AutoConfigurationReportLoggingInitializer.java : 101] 

Error starting ApplicationContext. To display the auto-configuration report re-run your application with 'debug' enabled.
2018-09-09 11:39:29,497 ERROR [main] o.s.boot.SpringApplication [SpringApplication.java : 771] Application startup failed
org.springframework.beans.factory.BeanCreationException: Error creating bean with name 'org.springframework.aop.config.internalAutoProxyCreator': Initialization of bean failed; nested exception is java.lang.NoClassDefFoundError: org/aspectj/lang/annotation/Around
	at org.springframework.beans.factory.support.AbstractAutowireCapableBeanFactory.doCreateBean(AbstractAutowireCapableBeanFactory.java:564)
	at org.springframework.beans.factory.support.AbstractAutowireCapableBeanFactory.createBean(AbstractAutowireCapableBeanFactory.java:483)
	at org.springframework.beans.factory.support.AbstractBeanFactory$1.getObject(AbstractBeanFactory.java:306)
	at org.springframework.beans.factory.support.DefaultSingletonBeanRegistry.getSingleton(DefaultSingletonBeanRegistry.java:230)
	at org.springframework.beans.factory.support.AbstractBeanFactory.doGetBean(AbstractBeanFactory.java:302)
	at org.springframework.beans.factory.support.AbstractBeanFactory.getBean(AbstractBeanFactory.java:202)
	at org.springframework.context.support.PostProcessorRegistrationDelegate.registerBeanPostProcessors(PostProcessorRegistrationDelegate.java:223)
	at org.springframework.context.support.AbstractApplicationContext.registerBeanPostProcessors(AbstractApplicationContext.java:703)
	at org.springframework.context.support.AbstractApplicationContext.refresh(AbstractApplicationContext.java:528)
	at org.springframework.boot.context.embedded.EmbeddedWebApplicationContext.refresh(EmbeddedWebApplicationContext.java:122)
	at org.springframework.boot.SpringApplication.refresh(SpringApplication.java:693)
	at org.springframework.boot.SpringApplication.refreshContext(SpringApplication.java:360)
	at org.springframework.boot.SpringApplication.run(SpringApplication.java:303)
	at org.springframework.boot.SpringApplication.run(SpringApplication.java:1118)
	at org.springframework.boot.SpringApplication.run(SpringApplication.java:1107)
	at org.apel.gaia.container.boot.PlatformStarter.start(PlatformStarter.java:21)
	at com.bjhy.fbackup.server.build.StartServer.main(StartServer.java:16)
Caused by: java.lang.NoClassDefFoundError: org/aspectj/lang/annotation/Around
	at org.springframework.aop.aspectj.annotation.ReflectiveAspectJAdvisorFactory.<clinit>(ReflectiveAspectJAdvisorFactory.java:77)
	at org.springframework.aop.aspectj.annotation.AnnotationAwareAspectJAutoProxyCreator.initBeanFactory(AnnotationAwareAspectJAutoProxyCreator.java:78)
	at org.springframework.aop.framework.autoproxy.AbstractAdvisorAutoProxyCreator.setBeanFactory(AbstractAdvisorAutoProxyCreator.java:60)
	at org.springframework.beans.factory.support.AbstractAutowireCapableBeanFactory.invokeAwareMethods(AbstractAutowireCapableBeanFactory.java:1647)
	at org.springframework.beans.factory.support.AbstractAutowireCapableBeanFactory.initializeBean(AbstractAutowireCapableBeanFactory.java:1615)
	at org.springframework.beans.factory.support.AbstractAutowireCapableBeanFactory.doCreateBean(AbstractAutowireCapableBeanFactory.java:555)
	... 16 common frames omitted
Caused by: java.lang.ClassNotFoundException: org.aspectj.lang.annotation.Around
	at java.net.URLClassLoader.findClass(Unknown Source)
	at java.lang.ClassLoader.loadClass(Unknown Source)
	at sun.misc.Launcher$AppClassLoader.loadClass(Unknown Source)
	at java.lang.ClassLoader.loadClass(Unknown Source)
	... 22 common frames omitted
